TN:verilator_coverage
SF:/home/john/Desktop/ttgf-verilog-template/test/../src/Adder.v
DA:3,220
BRDA:3,0,0,217
BRDA:3,0,1,217
BRDA:3,0,2,109
BRDA:3,0,3,109
BRDA:3,0,4,54
BRDA:3,0,5,54
BRDA:3,0,6,29
BRDA:3,0,7,29
BRDA:3,0,8,17
BRDA:3,0,9,17
BRDA:3,0,10,10
BRDA:3,0,11,10
BRDA:3,0,12,5
BRDA:3,0,13,5
BRDA:3,0,14,4
BRDA:3,0,15,4
BRDA:3,0,16,3
BRDA:3,0,17,3
BRDA:3,0,18,3
BRDA:3,0,19,3
BRDA:3,0,20,3
BRDA:3,0,21,3
BRDA:3,0,22,3
BRDA:3,0,23,3
BRDA:3,0,24,3
BRDA:3,0,25,2
BRDA:3,0,26,3
BRDA:3,0,27,2
BRDA:3,0,28,3
BRDA:3,0,29,2
BRDA:3,0,30,3
BRDA:3,0,31,2
BRDA:3,0,32,220
BRDA:3,0,33,220
BRDA:3,0,34,112
BRDA:3,0,35,112
BRDA:3,0,36,54
BRDA:3,0,37,54
BRDA:3,0,38,29
BRDA:3,0,39,29
BRDA:3,0,40,20
BRDA:3,0,41,19
BRDA:3,0,42,13
BRDA:3,0,43,12
BRDA:3,0,44,8
BRDA:3,0,45,7
BRDA:3,0,46,7
BRDA:3,0,47,6
BRF:48
BRH:24
end_of_record
SF:/home/john/Desktop/ttgf-verilog-template/test/../src/Branch_Control.v
DA:2,6
BRDA:2,0,0,2
BRDA:2,0,1,2
BRDA:2,0,2,2
BRDA:2,0,3,2
BRDA:2,0,4,2
BRDA:2,0,5,1
BRDA:2,0,6,1
BRDA:2,0,7,1
BRDA:2,0,8,1
BRDA:2,0,9,0
BRDA:2,0,10,6
BRDA:2,0,11,5
DA:6,1774
BRDA:6,0,0,1774
BRDA:6,0,1,1580
BRDA:6,0,2,210
BRDA:6,0,3,210
BRDA:6,0,4,41
BRDA:6,0,5,40
BRDA:6,0,6,41
BRDA:6,0,7,1581
BRDA:6,0,8,1387
BRF:21
BRH:9
end_of_record
SF:/home/john/Desktop/ttgf-verilog-template/test/../src/Control_Unit.v
DA:3,13
BRDA:3,0,0,2
BRDA:3,0,1,2
BRDA:3,0,2,2
BRDA:3,0,3,2
BRDA:3,0,4,2
BRDA:3,0,5,1
BRDA:3,0,6,10
BRDA:3,0,7,9
BRDA:3,0,8,9
BRDA:3,0,9,8
BRDA:3,0,10,12
BRDA:3,0,11,11
BRDA:3,0,12,5
BRDA:3,0,13,5
BRDA:3,0,14,1
BRDA:3,0,15,1
BRDA:3,0,16,2
BRDA:3,0,17,2
BRDA:3,0,18,6
BRDA:3,0,19,5
BRDA:3,0,20,3
BRDA:3,0,21,3
BRDA:3,0,22,3
BRDA:3,0,23,3
BRDA:3,0,24,1
BRDA:3,0,25,1
BRDA:3,0,26,1
BRDA:3,0,27,1
BRDA:3,0,28,13
BRDA:3,0,29,13
BRDA:3,0,30,0
BRDA:3,0,31,0
BRDA:3,0,32,0
BRDA:3,0,33,0
BRDA:3,0,34,0
BRDA:3,0,35,0
BRDA:3,0,36,11
BRDA:3,0,37,10
BRDA:3,0,38,11
BRDA:3,0,39,10
DA:25,1921
DA:27,1921
DA:28,1921
DA:29,1921
DA:30,1921
DA:31,1921
DA:32,1921
DA:33,1921
DA:34,1921
DA:35,1921
DA:36,1921
DA:37,1921
DA:40,1921
DA:42,1658
DA:43,1658
DA:44,1658
DA:45,1658
DA:46,1658
DA:47,1658
DA:48,1658
DA:49,1658
DA:50,1658
DA:51,1658
DA:52,1658
DA:55,1658
DA:56,1658
DA:57,0
DA:58,0
DA:59,0
DA:60,0
DA:61,0
DA:62,0
DA:63,0
DA:68,42
DA:69,42
DA:70,42
DA:71,42
DA:72,42
DA:73,42
DA:74,42
DA:75,42
DA:76,42
DA:77,42
DA:78,42
DA:79,1909
BRDA:79,0,0,12
BRDA:79,0,1,30
BRDA:79,0,2,1909
BRDA:79,0,3,6
BRDA:79,0,4,6
DA:80,36
BRDA:80,0,0,6
BRDA:80,0,1,36
DA:81,36
BRDA:81,0,0,6
BRDA:81,0,1,36
DA:82,36
BRDA:82,0,0,6
BRDA:82,0,1,36
DA:83,36
BRDA:83,0,0,6
BRDA:83,0,1,36
DA:84,36
BRDA:84,0,0,6
BRDA:84,0,1,36
DA:90,6
DA:91,6
DA:92,6
DA:93,6
DA:94,6
DA:95,6
DA:96,6
DA:97,6
DA:98,6
DA:99,6
DA:100,6
DA:101,6
DA:105,6
DA:106,6
DA:107,6
DA:108,6
DA:109,6
DA:110,6
DA:111,6
DA:112,6
DA:113,6
DA:114,6
DA:115,6
DA:116,6
DA:120,147
DA:121,147
DA:122,147
DA:123,147
DA:124,147
DA:125,147
DA:126,147
DA:127,147
DA:129,147
DA:131,97
BRDA:131,0,0,50
BRDA:131,0,1,97
DA:132,98
BRDA:132,0,0,49
BRDA:132,0,1,98
DA:133,99
BRDA:133,0,0,48
BRDA:133,0,1,99
DA:137,62
DA:139,0
BRF:61
BRH:23
end_of_record
SF:/home/john/Desktop/ttgf-verilog-template/test/../src/Muxes.v
DA:3,223
BRDA:3,0,0,6
BRDA:3,0,1,5
BRDA:3,0,2,218
BRDA:3,0,3,217
BRDA:3,0,4,112
BRDA:3,0,5,112
BRDA:3,0,6,51
BRDA:3,0,7,51
BRDA:3,0,8,26
BRDA:3,0,9,26
BRDA:3,0,10,14
BRDA:3,0,11,14
BRDA:3,0,12,7
BRDA:3,0,13,7
BRDA:3,0,14,2
BRDA:3,0,15,2
BRDA:3,0,16,1
BRDA:3,0,17,1
BRDA:3,0,18,220
BRDA:3,0,19,220
BRDA:3,0,20,112
BRDA:3,0,21,112
BRDA:3,0,22,54
BRDA:3,0,23,54
BRDA:3,0,24,29
BRDA:3,0,25,29
BRDA:3,0,26,20
BRDA:3,0,27,19
BRDA:3,0,28,13
BRDA:3,0,29,12
BRDA:3,0,30,8
BRDA:3,0,31,7
BRDA:3,0,32,7
BRDA:3,0,33,6
BRDA:3,0,34,223
BRDA:3,0,35,223
BRDA:3,0,36,115
BRDA:3,0,37,115
BRDA:3,0,38,54
BRDA:3,0,39,54
BRDA:3,0,40,29
BRDA:3,0,41,29
BRDA:3,0,42,20
BRDA:3,0,43,19
BRDA:3,0,44,13
BRDA:3,0,45,12
BRDA:3,0,46,8
BRDA:3,0,47,7
BRDA:3,0,48,7
BRDA:3,0,49,6
DA:5,2237
BRDA:5,0,0,155
BRDA:5,0,1,2237
BRDA:5,0,2,2237
BRDA:5,0,3,155
BRF:54
BRH:38
end_of_record
SF:/home/john/Desktop/ttgf-verilog-template/test/../src/PCplus1Adder.v
DA:2,218
BRDA:2,0,0,217
BRDA:2,0,1,217
BRDA:2,0,2,109
BRDA:2,0,3,109
BRDA:2,0,4,54
BRDA:2,0,5,54
BRDA:2,0,6,29
BRDA:2,0,7,29
BRDA:2,0,8,17
BRDA:2,0,9,17
BRDA:2,0,10,10
BRDA:2,0,11,10
BRDA:2,0,12,5
BRDA:2,0,13,5
BRDA:2,0,14,4
BRDA:2,0,15,4
BRDA:2,0,16,218
BRDA:2,0,17,217
BRDA:2,0,18,112
BRDA:2,0,19,112
BRDA:2,0,20,51
BRDA:2,0,21,51
BRDA:2,0,22,26
BRDA:2,0,23,26
BRDA:2,0,24,14
BRDA:2,0,25,14
BRDA:2,0,26,7
BRDA:2,0,27,7
BRDA:2,0,28,2
BRDA:2,0,29,2
BRDA:2,0,30,1
BRDA:2,0,31,1
BRF:32
BRH:22
end_of_record
SF:/home/john/Desktop/ttgf-verilog-template/test/../src/Program_Counter.v
DA:2,455
BRDA:2,0,0,455
BRDA:2,0,1,454
BRDA:2,0,2,17
BRDA:2,0,3,16
BRDA:2,0,4,11
BRDA:2,0,5,10
BRDA:2,0,6,223
BRDA:2,0,7,223
BRDA:2,0,8,115
BRDA:2,0,9,115
BRDA:2,0,10,54
BRDA:2,0,11,54
BRDA:2,0,12,29
BRDA:2,0,13,29
BRDA:2,0,14,20
BRDA:2,0,15,19
BRDA:2,0,16,13
BRDA:2,0,17,12
BRDA:2,0,18,8
BRDA:2,0,19,7
BRDA:2,0,20,7
BRDA:2,0,21,6
BRDA:2,0,22,217
BRDA:2,0,23,217
BRDA:2,0,24,109
BRDA:2,0,25,109
BRDA:2,0,26,54
BRDA:2,0,27,54
BRDA:2,0,28,29
BRDA:2,0,29,29
BRDA:2,0,30,17
BRDA:2,0,31,17
BRDA:2,0,32,10
BRDA:2,0,33,10
BRDA:2,0,34,5
BRDA:2,0,35,5
BRDA:2,0,36,4
BRDA:2,0,37,4
DA:4,217
BRDA:4,0,0,217
BRDA:4,0,1,217
BRDA:4,0,2,109
BRDA:4,0,3,109
BRDA:4,0,4,54
BRDA:4,0,5,54
BRDA:4,0,6,29
BRDA:4,0,7,29
BRDA:4,0,8,17
BRDA:4,0,9,17
BRDA:4,0,10,10
BRDA:4,0,11,10
BRDA:4,0,12,5
BRDA:4,0,13,5
BRDA:4,0,14,4
BRDA:4,0,15,4
DA:5,471
DA:6,471
DA:7,30
DA:8,30
DA:9,431
BRDA:9,0,0,431
BRDA:9,0,1,10
DA:10,431
BRF:56
BRH:44
end_of_record
SF:/home/john/Desktop/ttgf-verilog-template/test/PC_Logic_Wrapper.v
DA:2,455
BRDA:2,0,0,455
BRDA:2,0,1,454
DA:3,17
BRDA:3,0,0,17
BRDA:3,0,1,16
DA:4,12
BRDA:4,0,0,10
BRDA:4,0,1,9
BRDA:4,0,2,9
BRDA:4,0,3,8
BRDA:4,0,4,12
BRDA:4,0,5,11
BRDA:4,0,6,5
BRDA:4,0,7,5
DA:5,3
BRDA:5,0,0,3
BRDA:5,0,1,3
BRDA:5,0,2,3
BRDA:5,0,3,3
BRDA:5,0,4,3
BRDA:5,0,5,3
BRDA:5,0,6,3
BRDA:5,0,7,3
BRDA:5,0,8,3
BRDA:5,0,9,2
BRDA:5,0,10,3
BRDA:5,0,11,2
BRDA:5,0,12,3
BRDA:5,0,13,2
BRDA:5,0,14,3
BRDA:5,0,15,2
DA:6,1
BRDA:6,0,0,1
BRDA:6,0,1,1
DA:7,1
BRDA:7,0,0,1
BRDA:7,0,1,0
DA:8,217
BRDA:8,0,0,217
BRDA:8,0,1,217
BRDA:8,0,2,109
BRDA:8,0,3,109
BRDA:8,0,4,54
BRDA:8,0,5,54
BRDA:8,0,6,29
BRDA:8,0,7,29
BRDA:8,0,8,17
BRDA:8,0,9,17
BRDA:8,0,10,10
BRDA:8,0,11,10
BRDA:8,0,12,5
BRDA:8,0,13,5
BRDA:8,0,14,4
BRDA:8,0,15,4
DA:10,11
BRDA:10,0,0,2
BRDA:10,0,1,2
BRDA:10,0,2,2
BRDA:10,0,3,2
BRDA:10,0,4,2
BRDA:10,0,5,1
BRDA:10,0,6,6
BRDA:10,0,7,5
BRDA:10,0,8,11
BRDA:10,0,9,10
DA:11,223
BRDA:11,0,0,218
BRDA:11,0,1,217
BRDA:11,0,2,112
BRDA:11,0,3,112
BRDA:11,0,4,51
BRDA:11,0,5,51
BRDA:11,0,6,26
BRDA:11,0,7,26
BRDA:11,0,8,14
BRDA:11,0,9,14
BRDA:11,0,10,7
BRDA:11,0,11,7
BRDA:11,0,12,2
BRDA:11,0,13,2
BRDA:11,0,14,1
BRDA:11,0,15,1
BRDA:11,0,16,220
BRDA:11,0,17,220
BRDA:11,0,18,112
BRDA:11,0,19,112
BRDA:11,0,20,54
BRDA:11,0,21,54
BRDA:11,0,22,29
BRDA:11,0,23,29
BRDA:11,0,24,20
BRDA:11,0,25,19
BRDA:11,0,26,13
BRDA:11,0,27,12
BRDA:11,0,28,8
BRDA:11,0,29,7
BRDA:11,0,30,7
BRDA:11,0,31,6
BRDA:11,0,32,223
BRDA:11,0,33,223
BRDA:11,0,34,115
BRDA:11,0,35,115
BRDA:11,0,36,54
BRDA:11,0,37,54
BRDA:11,0,38,29
BRDA:11,0,39,29
BRDA:11,0,40,20
BRDA:11,0,41,19
BRDA:11,0,42,13
BRDA:11,0,43,12
BRDA:11,0,44,8
BRDA:11,0,45,7
BRDA:11,0,46,7
BRDA:11,0,47,6
BRF:106
BRH:55
end_of_record
