TN:verilator_coverage
SF:/home/john/Desktop/ttgf-verilog-template/test/../src/Data_Memory.v
DA:3,34
BRDA:3,0,0,34
BRDA:3,0,1,34
BRDA:3,0,2,16
BRDA:3,0,3,15
BRDA:3,0,4,8
BRDA:3,0,5,7
BRDA:3,0,6,4
BRDA:3,0,7,3
BRDA:3,0,8,2
BRDA:3,0,9,1
BRDA:3,0,10,0
BRDA:3,0,11,0
BRDA:3,0,12,0
BRDA:3,0,13,0
BRDA:3,0,14,0
BRDA:3,0,15,0
BRDA:3,0,16,0
BRDA:3,0,17,0
BRDA:3,0,18,8
BRDA:3,0,19,7
BRDA:3,0,20,4
BRDA:3,0,21,3
BRDA:3,0,22,2
BRDA:3,0,23,1
BRDA:3,0,24,1
BRDA:3,0,25,0
BRDA:3,0,26,0
BRDA:3,0,27,0
BRDA:3,0,28,0
BRDA:3,0,29,0
BRDA:3,0,30,0
BRDA:3,0,31,0
BRDA:3,0,32,0
BRDA:3,0,33,0
BRDA:3,0,34,1
BRDA:3,0,35,1
BRDA:3,0,36,32
BRDA:3,0,37,31
BRDA:3,0,38,16
BRDA:3,0,39,15
BRDA:3,0,40,8
BRDA:3,0,41,7
BRDA:3,0,42,4
BRDA:3,0,43,3
BRDA:3,0,44,0
BRDA:3,0,45,0
BRDA:3,0,46,0
BRDA:3,0,47,0
BRDA:3,0,48,0
BRDA:3,0,49,0
BRDA:3,0,50,0
BRDA:3,0,51,0
BRDA:3,0,52,1
BRDA:3,0,53,1
BRDA:3,0,54,1
BRDA:3,0,55,1
BRDA:3,0,56,1
BRDA:3,0,57,0
DA:6,262
BRDA:6,0,0,262
BRDA:6,0,1,0
BRDA:6,0,2,262
BRDA:6,0,3,262
BRDA:6,0,4,262
BRDA:6,0,5,262
DA:7,1
BRDA:7,0,0,0
BRDA:7,0,1,0
BRDA:7,0,2,0
BRDA:7,0,3,0
BRDA:7,0,4,0
BRDA:7,0,5,0
BRDA:7,0,6,0
BRDA:7,0,7,0
BRDA:7,0,8,0
BRDA:7,0,9,0
BRDA:7,0,10,0
BRDA:7,0,11,0
BRDA:7,0,12,0
BRDA:7,0,13,0
BRDA:7,0,14,0
BRDA:7,0,15,0
BRDA:7,0,16,0
BRDA:7,0,17,0
BRDA:7,0,18,1
BRDA:7,0,19,0
BRDA:7,0,20,0
BRDA:7,0,21,0
BRDA:7,0,22,1
BRDA:7,0,23,0
BRDA:7,0,24,0
BRDA:7,0,25,0
BRDA:7,0,26,0
BRDA:7,0,27,0
BRDA:7,0,28,0
BRDA:7,0,29,0
BRDA:7,0,30,0
BRDA:7,0,31,0
BRDA:7,0,32,1
BRDA:7,0,33,0
BRDA:7,0,34,1
BRDA:7,0,35,0
BRDA:7,0,36,0
BRDA:7,0,37,0
BRDA:7,0,38,1
BRDA:7,0,39,0
BRDA:7,0,40,0
BRDA:7,0,41,0
BRDA:7,0,42,0
BRDA:7,0,43,0
BRDA:7,0,44,0
BRDA:7,0,45,0
BRDA:7,0,46,0
BRDA:7,0,47,0
BRDA:7,0,48,0
BRDA:7,0,49,0
BRDA:7,0,50,0
BRDA:7,0,51,0
BRDA:7,0,52,1
BRDA:7,0,53,0
BRDA:7,0,54,1
BRDA:7,0,55,0
BRDA:7,0,56,0
BRDA:7,0,57,0
BRDA:7,0,58,0
BRDA:7,0,59,0
BRDA:7,0,60,0
BRDA:7,0,61,0
BRDA:7,0,62,0
BRDA:7,0,63,0
BRDA:7,0,64,1
BRDA:7,0,65,0
BRDA:7,0,66,0
BRDA:7,0,67,0
BRDA:7,0,68,1
BRDA:7,0,69,0
BRDA:7,0,70,1
BRDA:7,0,71,0
BRDA:7,0,72,0
BRDA:7,0,73,0
BRDA:7,0,74,0
BRDA:7,0,75,0
BRDA:7,0,76,0
BRDA:7,0,77,0
BRDA:7,0,78,0
BRDA:7,0,79,0
BRDA:7,0,80,0
BRDA:7,0,81,0
BRDA:7,0,82,1
BRDA:7,0,83,0
BRDA:7,0,84,1
BRDA:7,0,85,0
BRDA:7,0,86,1
BRDA:7,0,87,0
BRDA:7,0,88,0
BRDA:7,0,89,0
BRDA:7,0,90,0
BRDA:7,0,91,0
BRDA:7,0,92,0
BRDA:7,0,93,0
BRDA:7,0,94,0
BRDA:7,0,95,0
BRDA:7,0,96,1
BRDA:7,0,97,0
BRDA:7,0,98,1
BRDA:7,0,99,0
BRDA:7,0,100,1
BRDA:7,0,101,0
BRDA:7,0,102,1
BRDA:7,0,103,0
BRDA:7,0,104,0
BRDA:7,0,105,0
BRDA:7,0,106,0
BRDA:7,0,107,0
BRDA:7,0,108,0
BRDA:7,0,109,0
BRDA:7,0,110,0
BRDA:7,0,111,0
BRDA:7,0,112,1
BRDA:7,0,113,0
BRDA:7,0,114,0
BRDA:7,0,115,0
BRDA:7,0,116,0
BRDA:7,0,117,0
BRDA:7,0,118,0
BRDA:7,0,119,0
BRDA:7,0,120,0
BRDA:7,0,121,0
BRDA:7,0,122,0
BRDA:7,0,123,0
BRDA:7,0,124,0
BRDA:7,0,125,0
BRDA:7,0,126,0
BRDA:7,0,127,0
BRDA:7,0,128,0
BRDA:7,0,129,0
BRDA:7,0,130,1
BRDA:7,0,131,0
BRDA:7,0,132,0
BRDA:7,0,133,0
BRDA:7,0,134,0
BRDA:7,0,135,0
BRDA:7,0,136,0
BRDA:7,0,137,0
BRDA:7,0,138,0
BRDA:7,0,139,0
BRDA:7,0,140,0
BRDA:7,0,141,0
BRDA:7,0,142,0
BRDA:7,0,143,0
BRDA:7,0,144,1
BRDA:7,0,145,0
BRDA:7,0,146,1
BRDA:7,0,147,0
BRDA:7,0,148,0
BRDA:7,0,149,0
BRDA:7,0,150,0
BRDA:7,0,151,0
BRDA:7,0,152,0
BRDA:7,0,153,0
BRDA:7,0,154,0
BRDA:7,0,155,0
BRDA:7,0,156,0
BRDA:7,0,157,0
BRDA:7,0,158,0
BRDA:7,0,159,0
BRDA:7,0,160,0
BRDA:7,0,161,0
BRDA:7,0,162,0
BRDA:7,0,163,0
BRDA:7,0,164,1
BRDA:7,0,165,0
BRDA:7,0,166,0
BRDA:7,0,167,0
BRDA:7,0,168,0
BRDA:7,0,169,0
BRDA:7,0,170,0
BRDA:7,0,171,0
BRDA:7,0,172,0
BRDA:7,0,173,0
BRDA:7,0,174,0
BRDA:7,0,175,0
BRDA:7,0,176,1
BRDA:7,0,177,0
BRDA:7,0,178,0
BRDA:7,0,179,0
BRDA:7,0,180,1
BRDA:7,0,181,0
BRDA:7,0,182,0
BRDA:7,0,183,0
BRDA:7,0,184,0
BRDA:7,0,185,0
BRDA:7,0,186,0
BRDA:7,0,187,0
BRDA:7,0,188,0
BRDA:7,0,189,0
BRDA:7,0,190,0
BRDA:7,0,191,0
BRDA:7,0,192,0
BRDA:7,0,193,0
BRDA:7,0,194,1
BRDA:7,0,195,0
BRDA:7,0,196,1
BRDA:7,0,197,0
BRDA:7,0,198,0
BRDA:7,0,199,0
BRDA:7,0,200,0
BRDA:7,0,201,0
BRDA:7,0,202,0
BRDA:7,0,203,0
BRDA:7,0,204,0
BRDA:7,0,205,0
BRDA:7,0,206,0
BRDA:7,0,207,0
BRDA:7,0,208,1
BRDA:7,0,209,0
BRDA:7,0,210,1
BRDA:7,0,211,0
BRDA:7,0,212,1
BRDA:7,0,213,0
BRDA:7,0,214,0
BRDA:7,0,215,0
BRDA:7,0,216,0
BRDA:7,0,217,0
BRDA:7,0,218,0
BRDA:7,0,219,0
BRDA:7,0,220,0
BRDA:7,0,221,0
BRDA:7,0,222,0
BRDA:7,0,223,0
BRDA:7,0,224,0
BRDA:7,0,225,0
BRDA:7,0,226,0
BRDA:7,0,227,0
BRDA:7,0,228,0
BRDA:7,0,229,0
BRDA:7,0,230,1
BRDA:7,0,231,0
BRDA:7,0,232,0
BRDA:7,0,233,0
BRDA:7,0,234,0
BRDA:7,0,235,0
BRDA:7,0,236,0
BRDA:7,0,237,0
BRDA:7,0,238,0
BRDA:7,0,239,0
BRDA:7,0,240,1
BRDA:7,0,241,0
BRDA:7,0,242,0
BRDA:7,0,243,0
BRDA:7,0,244,0
BRDA:7,0,245,0
BRDA:7,0,246,1
BRDA:7,0,247,0
BRDA:7,0,248,0
BRDA:7,0,249,0
BRDA:7,0,250,0
BRDA:7,0,251,0
BRDA:7,0,252,0
BRDA:7,0,253,0
BRDA:7,0,254,0
BRDA:7,0,255,0
DA:8,35
DA:9,1
DA:10,16
BRDA:10,0,0,16
BRDA:10,0,1,1
DA:11,16
DA:14,17
BRDA:14,0,0,17
BRDA:14,0,1,17
BRDA:14,0,2,0
BRDA:14,0,3,17
BRDA:14,0,4,17
DA:15,17
DA:18,265
BRDA:18,0,0,265
BRDA:18,0,1,32
BRDA:18,0,2,32
BRDA:18,0,3,265
BRF:331
BRH:22
end_of_record
