TN:verilator_coverage
SF:/home/john/Desktop/ttgf-verilog-template/test/../src/Imm_Gen.v
DA:2,24
BRDA:2,0,0,24
BRDA:2,0,1,23
BRDA:2,0,2,8
BRDA:2,0,3,8
BRDA:2,0,4,4
BRDA:2,0,5,4
BRDA:2,0,6,5
BRDA:2,0,7,5
BRDA:2,0,8,3
BRDA:2,0,9,2
BRDA:2,0,10,1
BRDA:2,0,11,1
BRDA:2,0,12,1
BRDA:2,0,13,1
BRDA:2,0,14,24
BRDA:2,0,15,23
BRDA:2,0,16,24
BRDA:2,0,17,23
BRDA:2,0,18,16
BRDA:2,0,19,15
BRDA:2,0,20,16
BRDA:2,0,21,15
BRDA:2,0,22,9
BRDA:2,0,23,8
BRDA:2,0,24,2
BRDA:2,0,25,1
BRDA:2,0,26,1
BRDA:2,0,27,0
BRDA:2,0,28,0
BRDA:2,0,29,0
BRDA:2,0,30,8
BRDA:2,0,31,8
BRDA:2,0,32,24
BRDA:2,0,33,23
BRDA:2,0,34,24
BRDA:2,0,35,23
BRDA:2,0,36,24
BRDA:2,0,37,23
BRDA:2,0,38,24
BRDA:2,0,39,23
BRDA:2,0,40,24
BRDA:2,0,41,23
BRDA:2,0,42,13
BRDA:2,0,43,12
BRDA:2,0,44,13
BRDA:2,0,45,12
BRDA:2,0,46,12
BRDA:2,0,47,11
DA:4,5
BRDA:4,0,0,5
BRDA:4,0,1,5
BRDA:4,0,2,3
BRDA:4,0,3,2
BRDA:4,0,4,1
BRDA:4,0,5,1
BRDA:4,0,6,1
BRDA:4,0,7,1
DA:5,121
BRDA:5,0,0,121
BRDA:5,0,1,0
BRDA:5,0,2,121
BRDA:5,0,3,105
BRDA:5,0,4,105
BRDA:5,0,5,105
DA:6,121
DA:7,121
DA:9,9
DA:11,70
DA:13,40
DA:14,2
BRF:62
BRH:31
end_of_record
