TN:verilator_coverage
SF:/home/john/Desktop/ttgf-verilog-template/test/../src/ALU.v
DA:3,165888
BRDA:3,0,0,255
BRDA:3,0,1,255
BRDA:3,0,2,131328
BRDA:3,0,3,131328
BRDA:3,0,4,66176
BRDA:3,0,5,66176
BRDA:3,0,6,33440
BRDA:3,0,7,33440
BRDA:3,0,8,17072
BRDA:3,0,9,17072
BRDA:3,0,10,8888
BRDA:3,0,11,8888
BRDA:3,0,12,4796
BRDA:3,0,13,4796
BRDA:3,0,14,2750
BRDA:3,0,15,2750
BRDA:3,0,16,1663
BRDA:3,0,17,1663
BRDA:3,0,18,896
BRDA:3,0,19,895
BRDA:3,0,20,448
BRDA:3,0,21,447
BRDA:3,0,22,224
BRDA:3,0,23,223
BRDA:3,0,24,112
BRDA:3,0,25,111
BRDA:3,0,26,56
BRDA:3,0,27,55
BRDA:3,0,28,28
BRDA:3,0,29,27
BRDA:3,0,30,14
BRDA:3,0,31,13
BRDA:3,0,32,7
BRDA:3,0,33,7
BRDA:3,0,34,165888
BRDA:3,0,35,165887
BRDA:3,0,36,82944
BRDA:3,0,37,82943
BRDA:3,0,38,41472
BRDA:3,0,39,41471
BRDA:3,0,40,20480
BRDA:3,0,41,20480
BRDA:3,0,42,10240
BRDA:3,0,43,10240
BRDA:3,0,44,5120
BRDA:3,0,45,5120
BRDA:3,0,46,2560
BRDA:3,0,47,2560
BRDA:3,0,48,1280
BRDA:3,0,49,1280
BRDA:3,0,50,3
BRDA:3,0,51,3
BRDA:3,0,52,2
BRDA:3,0,53,1
BRDA:3,0,54,1
BRDA:3,0,55,0
BRDA:3,0,56,4305
BRDA:3,0,57,4304
DA:5,663554
DA:7,663554
DA:8,663554
DA:10,663554
DA:13,131074
DA:14,131074
DA:15,131074
DA:18,131072
DA:19,131072
DA:20,65792
BRDA:20,0,0,65280
BRDA:20,0,1,65792
DA:21,65792
DA:24,131072
DA:25,131072
DA:29,131072
DA:30,131072
DA:34,131073
DA:35,131073
DA:39,4096
DA:40,4096
DA:44,4095
DA:45,4095
DA:49,0
DA:50,0
DA:52,0
DA:59,647872
BRDA:59,0,0,647872
BRDA:59,0,1,15682
BRDA:59,0,2,15682
BRDA:59,0,3,647872
BRF:64
BRH:56
end_of_record
