TN:verilator_coverage
SF:/home/john/Desktop/ttgf-verilog-template/test/../src/ALU.v
DA:3,21
BRDA:3,0,0,3
BRDA:3,0,1,3
BRDA:3,0,2,10
BRDA:3,0,3,10
BRDA:3,0,4,13
BRDA:3,0,5,13
BRDA:3,0,6,8
BRDA:3,0,7,8
BRDA:3,0,8,5
BRDA:3,0,9,5
BRDA:3,0,10,3
BRDA:3,0,11,3
BRDA:3,0,12,3
BRDA:3,0,13,3
BRDA:3,0,14,3
BRDA:3,0,15,3
BRDA:3,0,16,3
BRDA:3,0,17,3
BRDA:3,0,18,4
BRDA:3,0,19,4
BRDA:3,0,20,20
BRDA:3,0,21,20
BRDA:3,0,22,0
BRDA:3,0,23,0
BRDA:3,0,24,0
BRDA:3,0,25,0
BRDA:3,0,26,0
BRDA:3,0,27,0
BRDA:3,0,28,0
BRDA:3,0,29,0
BRDA:3,0,30,0
BRDA:3,0,31,0
BRDA:3,0,32,0
BRDA:3,0,33,0
BRDA:3,0,34,14
BRDA:3,0,35,14
BRDA:3,0,36,15
BRDA:3,0,37,15
BRDA:3,0,38,3
BRDA:3,0,39,3
BRDA:3,0,40,0
BRDA:3,0,41,0
BRDA:3,0,42,0
BRDA:3,0,43,0
BRDA:3,0,44,0
BRDA:3,0,45,0
BRDA:3,0,46,0
BRDA:3,0,47,0
BRDA:3,0,48,0
BRDA:3,0,49,0
BRDA:3,0,50,8
BRDA:3,0,51,8
BRDA:3,0,52,5
BRDA:3,0,53,5
BRDA:3,0,54,5
BRDA:3,0,55,5
BRDA:3,0,56,21
BRDA:3,0,57,20
DA:5,293
DA:7,293
DA:8,293
DA:10,293
DA:13,228
DA:14,228
DA:15,228
DA:18,20
DA:19,20
DA:20,15
BRDA:20,0,0,15
BRDA:20,0,1,5
DA:21,5
DA:24,10
DA:25,10
DA:29,10
DA:30,10
DA:34,10
DA:35,10
DA:39,10
DA:40,10
DA:44,5
DA:45,5
DA:49,0
DA:50,0
DA:52,0
DA:59,193
BRDA:59,0,0,100
BRDA:59,0,1,193
BRDA:59,0,2,193
BRDA:59,0,3,100
BRF:64
BRH:17
end_of_record
SF:/home/john/Desktop/ttgf-verilog-template/test/../src/Adder.v
DA:3,10
BRDA:3,0,0,10
BRDA:3,0,1,10
BRDA:3,0,2,6
BRDA:3,0,3,5
BRDA:3,0,4,3
BRDA:3,0,5,2
BRDA:3,0,6,2
BRDA:3,0,7,1
BRDA:3,0,8,1
BRDA:3,0,9,0
BRDA:3,0,10,0
BRDA:3,0,11,0
BRDA:3,0,12,0
BRDA:3,0,13,0
BRDA:3,0,14,0
BRDA:3,0,15,0
BRDA:3,0,16,7
BRDA:3,0,17,7
BRDA:3,0,18,9
BRDA:3,0,19,9
BRDA:3,0,20,3
BRDA:3,0,21,3
BRDA:3,0,22,2
BRDA:3,0,23,2
BRDA:3,0,24,1
BRDA:3,0,25,1
BRDA:3,0,26,1
BRDA:3,0,27,1
BRDA:3,0,28,1
BRDA:3,0,29,1
BRDA:3,0,30,1
BRDA:3,0,31,1
BRDA:3,0,32,10
BRDA:3,0,33,10
BRDA:3,0,34,10
BRDA:3,0,35,9
BRDA:3,0,36,6
BRDA:3,0,37,5
BRDA:3,0,38,4
BRDA:3,0,39,3
BRDA:3,0,40,3
BRDA:3,0,41,2
BRDA:3,0,42,0
BRDA:3,0,43,0
BRDA:3,0,44,0
BRDA:3,0,45,0
BRDA:3,0,46,0
BRDA:3,0,47,0
BRF:48
BRH:5
end_of_record
SF:/home/john/Desktop/ttgf-verilog-template/test/../src/Branch_Control.v
DA:2,21
BRDA:2,0,0,1
BRDA:2,0,1,1
BRDA:2,0,2,1
BRDA:2,0,3,1
BRDA:2,0,4,1
BRDA:2,0,5,1
BRDA:2,0,6,21
BRDA:2,0,7,20
BRDA:2,0,8,3
BRDA:2,0,9,3
BRDA:2,0,10,3
BRDA:2,0,11,3
DA:6,278
BRDA:6,0,0,278
BRDA:6,0,1,273
BRDA:6,0,2,188
BRDA:6,0,3,188
BRDA:6,0,4,5
BRDA:6,0,5,5
BRDA:6,0,6,5
BRDA:6,0,7,90
BRDA:6,0,8,85
BRF:21
BRH:8
end_of_record
SF:/home/john/Desktop/ttgf-verilog-template/test/../src/CPU_Core.v
DA:3,45
BRDA:3,0,0,45
BRDA:3,0,1,44
BRDA:3,0,2,1
BRDA:3,0,3,1
BRDA:3,0,4,9
BRDA:3,0,5,9
BRDA:3,0,6,3
BRDA:3,0,7,3
BRDA:3,0,8,3
BRDA:3,0,9,3
BRDA:3,0,10,5
BRDA:3,0,11,4
BRDA:3,0,12,4
BRDA:3,0,13,3
BRDA:3,0,14,2
BRDA:3,0,15,1
BRDA:3,0,16,1
BRDA:3,0,17,1
BRDA:3,0,18,6
BRDA:3,0,19,5
BRDA:3,0,20,3
BRDA:3,0,21,3
BRDA:3,0,22,3
BRDA:3,0,23,3
BRDA:3,0,24,2
BRDA:3,0,25,1
BRDA:3,0,26,1
BRDA:3,0,27,1
BRDA:3,0,28,2
BRDA:3,0,29,1
BRDA:3,0,30,1
BRDA:3,0,31,1
BRDA:3,0,32,1
BRDA:3,0,33,1
BRDA:3,0,34,4
BRDA:3,0,35,3
BRDA:3,0,36,11
BRDA:3,0,37,11
BRDA:3,0,38,12
BRDA:3,0,39,11
BRDA:3,0,40,8
BRDA:3,0,41,7
BRDA:3,0,42,10
BRDA:3,0,43,9
BRDA:3,0,44,6
BRDA:3,0,45,5
BRDA:3,0,46,3
BRDA:3,0,47,3
BRDA:3,0,48,3
BRDA:3,0,49,3
BRDA:3,0,50,3
BRDA:3,0,51,3
DA:12,23
BRDA:12,0,0,23
BRDA:12,0,1,22
DA:15,46
DA:16,44
BRDA:16,0,0,2
BRDA:16,0,1,44
DA:17,2
DA:20,44
DA:21,44
DA:22,22
DA:24,22
DA:27,22
DA:29,22
DA:39,181
BRDA:39,0,0,10
BRDA:39,0,1,10
BRDA:39,0,2,5
BRDA:39,0,3,5
BRDA:39,0,4,14
BRDA:39,0,5,14
BRDA:39,0,6,15
BRDA:39,0,7,14
BRDA:39,0,8,15
BRDA:39,0,9,14
BRDA:39,0,10,18
BRDA:39,0,11,17
BRDA:39,0,12,19
BRDA:39,0,13,18
BRDA:39,0,14,12
BRDA:39,0,15,12
BRDA:39,0,16,6
BRDA:39,0,17,6
BRDA:39,0,18,9
BRDA:39,0,19,9
BRDA:39,0,20,2
BRDA:39,0,21,2
BRDA:39,0,22,1
BRDA:39,0,23,1
BRDA:39,0,24,3
BRDA:39,0,25,3
BRDA:39,0,26,1
BRDA:39,0,27,1
BRDA:39,0,28,1
BRDA:39,0,29,1
BRDA:39,0,30,5
BRDA:39,0,31,5
BRDA:39,0,32,181
BRDA:39,0,33,112
BRDA:39,0,34,112
BRDA:39,0,35,181
DA:41,23
BRDA:41,0,0,23
BRDA:41,0,1,23
BRDA:41,0,2,23
BRDA:41,0,3,23
BRDA:41,0,4,3
BRDA:41,0,5,3
DA:42,21
BRDA:42,0,0,18
BRDA:42,0,1,18
BRDA:42,0,2,1
BRDA:42,0,3,1
BRDA:42,0,4,21
BRDA:42,0,5,20
BRDA:42,0,6,3
BRDA:42,0,7,3
BRDA:42,0,8,11
BRDA:42,0,9,10
BRDA:42,0,10,2
BRDA:42,0,11,2
BRDA:42,0,12,2
BRDA:42,0,13,2
BRDA:42,0,14,4
BRDA:42,0,15,4
BRDA:42,0,16,1
BRDA:42,0,17,1
BRDA:42,0,18,1
BRDA:42,0,19,1
DA:44,15
BRDA:44,0,0,2
BRDA:44,0,1,2
BRDA:44,0,2,2
BRDA:44,0,3,2
BRDA:44,0,4,0
BRDA:44,0,5,0
BRDA:44,0,6,0
BRDA:44,0,7,0
BRDA:44,0,8,0
BRDA:44,0,9,0
BRDA:44,0,10,0
BRDA:44,0,11,0
BRDA:44,0,12,0
BRDA:44,0,13,0
BRDA:44,0,14,0
BRDA:44,0,15,0
BRDA:44,0,16,7
BRDA:44,0,17,7
BRDA:44,0,18,9
BRDA:44,0,19,9
BRDA:44,0,20,3
BRDA:44,0,21,3
BRDA:44,0,22,2
BRDA:44,0,23,2
BRDA:44,0,24,1
BRDA:44,0,25,1
BRDA:44,0,26,1
BRDA:44,0,27,1
BRDA:44,0,28,1
BRDA:44,0,29,1
BRDA:44,0,30,1
BRDA:44,0,31,1
BRDA:44,0,32,4
BRDA:44,0,33,4
BRDA:44,0,34,1
BRDA:44,0,35,0
BRDA:44,0,36,0
BRDA:44,0,37,0
BRDA:44,0,38,0
BRDA:44,0,39,0
BRDA:44,0,40,0
BRDA:44,0,41,0
BRDA:44,0,42,0
BRDA:44,0,43,0
BRDA:44,0,44,0
BRDA:44,0,45,0
BRDA:44,0,46,0
BRDA:44,0,47,0
BRDA:44,0,48,10
BRDA:44,0,49,10
BRDA:44,0,50,2
BRDA:44,0,51,1
BRDA:44,0,52,1
BRDA:44,0,53,1
BRDA:44,0,54,0
BRDA:44,0,55,0
BRDA:44,0,56,0
BRDA:44,0,57,0
BRDA:44,0,58,0
BRDA:44,0,59,0
BRDA:44,0,60,0
BRDA:44,0,61,0
BRDA:44,0,62,0
BRDA:44,0,63,0
BRDA:44,0,64,10
BRDA:44,0,65,10
BRDA:44,0,66,13
BRDA:44,0,67,13
BRDA:44,0,68,8
BRDA:44,0,69,8
BRDA:44,0,70,5
BRDA:44,0,71,5
BRDA:44,0,72,3
BRDA:44,0,73,3
BRDA:44,0,74,3
BRDA:44,0,75,3
BRDA:44,0,76,3
BRDA:44,0,77,3
BRDA:44,0,78,3
BRDA:44,0,79,3
BRDA:44,0,80,10
BRDA:44,0,81,10
BRDA:44,0,82,11
BRDA:44,0,83,11
BRDA:44,0,84,8
BRDA:44,0,85,8
BRDA:44,0,86,5
BRDA:44,0,87,5
BRDA:44,0,88,3
BRDA:44,0,89,3
BRDA:44,0,90,3
BRDA:44,0,91,3
BRDA:44,0,92,3
BRDA:44,0,93,3
BRDA:44,0,94,3
BRDA:44,0,95,3
BRDA:44,0,96,14
BRDA:44,0,97,14
BRDA:44,0,98,15
BRDA:44,0,99,15
BRDA:44,0,100,3
BRDA:44,0,101,3
BRDA:44,0,102,0
BRDA:44,0,103,0
BRDA:44,0,104,0
BRDA:44,0,105,0
BRDA:44,0,106,0
BRDA:44,0,107,0
BRDA:44,0,108,0
BRDA:44,0,109,0
BRDA:44,0,110,0
BRDA:44,0,111,0
DA:46,13
BRDA:46,0,0,10
BRDA:46,0,1,10
BRDA:46,0,2,6
BRDA:46,0,3,5
BRDA:46,0,4,3
BRDA:46,0,5,2
BRDA:46,0,6,2
BRDA:46,0,7,1
BRDA:46,0,8,1
BRDA:46,0,9,0
BRDA:46,0,10,0
BRDA:46,0,11,0
BRDA:46,0,12,0
BRDA:46,0,13,0
BRDA:46,0,14,0
BRDA:46,0,15,0
BRDA:46,0,16,11
BRDA:46,0,17,10
BRDA:46,0,18,7
BRDA:46,0,19,6
BRDA:46,0,20,3
BRDA:46,0,21,2
BRDA:46,0,22,2
BRDA:46,0,23,1
BRDA:46,0,24,1
BRDA:46,0,25,0
BRDA:46,0,26,0
BRDA:46,0,27,0
BRDA:46,0,28,0
BRDA:46,0,29,0
BRDA:46,0,30,0
BRDA:46,0,31,0
BRDA:46,0,32,10
BRDA:46,0,33,10
BRDA:46,0,34,10
BRDA:46,0,35,9
BRDA:46,0,36,6
BRDA:46,0,37,5
BRDA:46,0,38,4
BRDA:46,0,39,3
BRDA:46,0,40,3
BRDA:46,0,41,2
BRDA:46,0,42,0
BRDA:46,0,43,0
BRDA:46,0,44,0
BRDA:46,0,45,0
BRDA:46,0,46,0
BRDA:46,0,47,0
BRDA:46,0,48,13
BRDA:46,0,49,12
BRDA:46,0,50,7
BRDA:46,0,51,6
BRDA:46,0,52,3
BRDA:46,0,53,2
BRDA:46,0,54,2
BRDA:46,0,55,1
BRDA:46,0,56,1
BRDA:46,0,57,0
BRDA:46,0,58,0
BRDA:46,0,59,0
BRDA:46,0,60,0
BRDA:46,0,61,0
BRDA:46,0,62,0
BRDA:46,0,63,0
DA:47,20
BRDA:47,0,0,4
BRDA:47,0,1,4
BRDA:47,0,2,20
BRDA:47,0,3,20
BRDA:47,0,4,0
BRDA:47,0,5,0
BRDA:47,0,6,0
BRDA:47,0,7,0
BRDA:47,0,8,0
BRDA:47,0,9,0
BRDA:47,0,10,0
BRDA:47,0,11,0
BRDA:47,0,12,0
BRDA:47,0,13,0
BRDA:47,0,14,0
BRDA:47,0,15,0
DA:49,8
BRDA:49,0,0,8
BRDA:49,0,1,8
BRDA:49,0,2,5
BRDA:49,0,3,5
BRDA:49,0,4,5
BRDA:49,0,5,5
DA:108,191
BRDA:108,0,0,191
BRDA:108,0,1,102
BRDA:108,0,2,102
BRDA:108,0,3,10
BRDA:108,0,4,181
BRF:321
BRH:68
end_of_record
SF:/home/john/Desktop/ttgf-verilog-template/test/../src/Control_Unit.v
DA:3,23
BRDA:3,0,0,1
BRDA:3,0,1,1
BRDA:3,0,2,1
BRDA:3,0,3,1
BRDA:3,0,4,1
BRDA:3,0,5,1
BRDA:3,0,6,15
BRDA:3,0,7,14
BRDA:3,0,8,15
BRDA:3,0,9,14
BRDA:3,0,10,18
BRDA:3,0,11,17
BRDA:3,0,12,19
BRDA:3,0,13,18
BRDA:3,0,14,2
BRDA:3,0,15,2
BRDA:3,0,16,4
BRDA:3,0,17,4
BRDA:3,0,18,8
BRDA:3,0,19,8
BRDA:3,0,20,5
BRDA:3,0,21,5
BRDA:3,0,22,5
BRDA:3,0,23,5
BRDA:3,0,24,2
BRDA:3,0,25,2
BRDA:3,0,26,11
BRDA:3,0,27,10
BRDA:3,0,28,18
BRDA:3,0,29,18
BRDA:3,0,30,10
BRDA:3,0,31,10
BRDA:3,0,32,12
BRDA:3,0,33,12
BRDA:3,0,34,6
BRDA:3,0,35,6
BRDA:3,0,36,23
BRDA:3,0,37,23
BRDA:3,0,38,23
BRDA:3,0,39,23
DA:25,293
DA:27,293
DA:28,293
DA:29,293
DA:30,293
DA:31,293
DA:32,293
DA:33,293
DA:34,293
DA:35,293
DA:36,293
DA:37,293
DA:40,293
DA:42,37
DA:43,37
DA:44,37
DA:45,37
DA:46,37
DA:47,37
DA:48,37
DA:49,37
DA:50,37
DA:51,37
DA:52,37
DA:55,37
DA:56,7
DA:57,5
DA:58,5
DA:59,5
DA:60,5
DA:61,5
DA:62,5
DA:63,0
DA:68,40
DA:69,40
DA:70,40
DA:71,40
DA:72,40
DA:73,40
DA:74,40
DA:75,40
DA:76,40
DA:77,40
DA:78,40
DA:79,273
BRDA:79,0,0,20
BRDA:79,0,1,20
BRDA:79,0,2,273
BRDA:79,0,3,10
BRDA:79,0,4,10
DA:80,35
BRDA:80,0,0,5
BRDA:80,0,1,35
DA:81,35
BRDA:81,0,0,5
BRDA:81,0,1,35
DA:82,35
BRDA:82,0,0,5
BRDA:82,0,1,35
DA:83,35
BRDA:83,0,0,5
BRDA:83,0,1,35
DA:84,40
BRDA:84,0,0,0
BRDA:84,0,1,40
DA:90,10
DA:91,10
DA:92,10
DA:93,10
DA:94,10
DA:95,10
DA:96,10
DA:97,10
DA:98,10
DA:99,10
DA:100,10
DA:101,10
DA:105,10
DA:106,10
DA:107,10
DA:108,10
DA:109,10
DA:110,10
DA:111,10
DA:112,10
DA:113,10
DA:114,10
DA:115,10
DA:116,10
DA:120,15
DA:121,15
DA:122,15
DA:123,15
DA:124,15
DA:125,15
DA:126,15
DA:127,15
DA:129,15
DA:131,10
BRDA:131,0,0,5
BRDA:131,0,1,10
DA:132,10
BRDA:132,0,0,5
BRDA:132,0,1,10
DA:133,10
BRDA:133,0,0,5
BRDA:133,0,1,10
DA:137,181
DA:139,0
BRF:61
BRH:33
end_of_record
SF:/home/john/Desktop/ttgf-verilog-template/test/../src/Data_Memory.v
DA:3,45
BRDA:3,0,0,45
BRDA:3,0,1,44
BRDA:3,0,2,10
BRDA:3,0,3,10
BRDA:3,0,4,2
BRDA:3,0,5,1
BRDA:3,0,6,1
BRDA:3,0,7,1
BRDA:3,0,8,0
BRDA:3,0,9,0
BRDA:3,0,10,0
BRDA:3,0,11,0
BRDA:3,0,12,0
BRDA:3,0,13,0
BRDA:3,0,14,0
BRDA:3,0,15,0
BRDA:3,0,16,0
BRDA:3,0,17,0
BRDA:3,0,18,2
BRDA:3,0,19,2
BRDA:3,0,20,2
BRDA:3,0,21,2
BRDA:3,0,22,0
BRDA:3,0,23,0
BRDA:3,0,24,0
BRDA:3,0,25,0
BRDA:3,0,26,0
BRDA:3,0,27,0
BRDA:3,0,28,0
BRDA:3,0,29,0
BRDA:3,0,30,0
BRDA:3,0,31,0
BRDA:3,0,32,0
BRDA:3,0,33,0
BRDA:3,0,34,1
BRDA:3,0,35,1
BRDA:3,0,36,10
BRDA:3,0,37,10
BRDA:3,0,38,13
BRDA:3,0,39,13
BRDA:3,0,40,8
BRDA:3,0,41,8
BRDA:3,0,42,5
BRDA:3,0,43,5
BRDA:3,0,44,3
BRDA:3,0,45,3
BRDA:3,0,46,3
BRDA:3,0,47,3
BRDA:3,0,48,3
BRDA:3,0,49,3
BRDA:3,0,50,3
BRDA:3,0,51,3
BRDA:3,0,52,23
BRDA:3,0,53,23
BRDA:3,0,54,2
BRDA:3,0,55,2
BRDA:3,0,56,2
BRDA:3,0,57,2
DA:6,293
BRDA:6,0,0,293
BRDA:6,0,1,0
BRDA:6,0,2,278
BRDA:6,0,3,278
BRDA:6,0,4,278
BRDA:6,0,5,278
DA:7,1
BRDA:7,0,0,0
BRDA:7,0,1,0
BRDA:7,0,2,0
BRDA:7,0,3,0
BRDA:7,0,4,0
BRDA:7,0,5,0
BRDA:7,0,6,0
BRDA:7,0,7,0
BRDA:7,0,8,0
BRDA:7,0,9,0
BRDA:7,0,10,0
BRDA:7,0,11,0
BRDA:7,0,12,0
BRDA:7,0,13,0
BRDA:7,0,14,0
BRDA:7,0,15,0
BRDA:7,0,16,0
BRDA:7,0,17,0
BRDA:7,0,18,0
BRDA:7,0,19,0
BRDA:7,0,20,0
BRDA:7,0,21,0
BRDA:7,0,22,0
BRDA:7,0,23,0
BRDA:7,0,24,0
BRDA:7,0,25,0
BRDA:7,0,26,0
BRDA:7,0,27,0
BRDA:7,0,28,0
BRDA:7,0,29,0
BRDA:7,0,30,0
BRDA:7,0,31,0
BRDA:7,0,32,0
BRDA:7,0,33,0
BRDA:7,0,34,0
BRDA:7,0,35,0
BRDA:7,0,36,0
BRDA:7,0,37,0
BRDA:7,0,38,0
BRDA:7,0,39,0
BRDA:7,0,40,0
BRDA:7,0,41,0
BRDA:7,0,42,0
BRDA:7,0,43,0
BRDA:7,0,44,0
BRDA:7,0,45,0
BRDA:7,0,46,0
BRDA:7,0,47,0
BRDA:7,0,48,0
BRDA:7,0,49,0
BRDA:7,0,50,0
BRDA:7,0,51,0
BRDA:7,0,52,0
BRDA:7,0,53,0
BRDA:7,0,54,0
BRDA:7,0,55,0
BRDA:7,0,56,0
BRDA:7,0,57,0
BRDA:7,0,58,0
BRDA:7,0,59,0
BRDA:7,0,60,0
BRDA:7,0,61,0
BRDA:7,0,62,0
BRDA:7,0,63,0
BRDA:7,0,64,0
BRDA:7,0,65,0
BRDA:7,0,66,0
BRDA:7,0,67,0
BRDA:7,0,68,0
BRDA:7,0,69,0
BRDA:7,0,70,0
BRDA:7,0,71,0
BRDA:7,0,72,0
BRDA:7,0,73,0
BRDA:7,0,74,0
BRDA:7,0,75,0
BRDA:7,0,76,0
BRDA:7,0,77,0
BRDA:7,0,78,0
BRDA:7,0,79,0
BRDA:7,0,80,0
BRDA:7,0,81,0
BRDA:7,0,82,0
BRDA:7,0,83,0
BRDA:7,0,84,0
BRDA:7,0,85,0
BRDA:7,0,86,0
BRDA:7,0,87,0
BRDA:7,0,88,0
BRDA:7,0,89,0
BRDA:7,0,90,0
BRDA:7,0,91,0
BRDA:7,0,92,0
BRDA:7,0,93,0
BRDA:7,0,94,0
BRDA:7,0,95,0
BRDA:7,0,96,0
BRDA:7,0,97,0
BRDA:7,0,98,0
BRDA:7,0,99,0
BRDA:7,0,100,0
BRDA:7,0,101,0
BRDA:7,0,102,0
BRDA:7,0,103,0
BRDA:7,0,104,0
BRDA:7,0,105,0
BRDA:7,0,106,0
BRDA:7,0,107,0
BRDA:7,0,108,0
BRDA:7,0,109,0
BRDA:7,0,110,0
BRDA:7,0,111,0
BRDA:7,0,112,0
BRDA:7,0,113,0
BRDA:7,0,114,0
BRDA:7,0,115,0
BRDA:7,0,116,0
BRDA:7,0,117,0
BRDA:7,0,118,0
BRDA:7,0,119,0
BRDA:7,0,120,0
BRDA:7,0,121,0
BRDA:7,0,122,0
BRDA:7,0,123,0
BRDA:7,0,124,0
BRDA:7,0,125,0
BRDA:7,0,126,0
BRDA:7,0,127,0
BRDA:7,0,128,1
BRDA:7,0,129,0
BRDA:7,0,130,1
BRDA:7,0,131,0
BRDA:7,0,132,0
BRDA:7,0,133,0
BRDA:7,0,134,0
BRDA:7,0,135,0
BRDA:7,0,136,0
BRDA:7,0,137,0
BRDA:7,0,138,0
BRDA:7,0,139,0
BRDA:7,0,140,0
BRDA:7,0,141,0
BRDA:7,0,142,0
BRDA:7,0,143,0
BRDA:7,0,144,1
BRDA:7,0,145,0
BRDA:7,0,146,1
BRDA:7,0,147,0
BRDA:7,0,148,0
BRDA:7,0,149,0
BRDA:7,0,150,0
BRDA:7,0,151,0
BRDA:7,0,152,0
BRDA:7,0,153,0
BRDA:7,0,154,0
BRDA:7,0,155,0
BRDA:7,0,156,0
BRDA:7,0,157,0
BRDA:7,0,158,0
BRDA:7,0,159,0
BRDA:7,0,160,0
BRDA:7,0,161,0
BRDA:7,0,162,0
BRDA:7,0,163,0
BRDA:7,0,164,0
BRDA:7,0,165,0
BRDA:7,0,166,0
BRDA:7,0,167,0
BRDA:7,0,168,0
BRDA:7,0,169,0
BRDA:7,0,170,0
BRDA:7,0,171,0
BRDA:7,0,172,0
BRDA:7,0,173,0
BRDA:7,0,174,0
BRDA:7,0,175,0
BRDA:7,0,176,0
BRDA:7,0,177,0
BRDA:7,0,178,0
BRDA:7,0,179,0
BRDA:7,0,180,0
BRDA:7,0,181,0
BRDA:7,0,182,0
BRDA:7,0,183,0
BRDA:7,0,184,0
BRDA:7,0,185,0
BRDA:7,0,186,0
BRDA:7,0,187,0
BRDA:7,0,188,0
BRDA:7,0,189,0
BRDA:7,0,190,0
BRDA:7,0,191,0
BRDA:7,0,192,0
BRDA:7,0,193,0
BRDA:7,0,194,0
BRDA:7,0,195,0
BRDA:7,0,196,0
BRDA:7,0,197,0
BRDA:7,0,198,0
BRDA:7,0,199,0
BRDA:7,0,200,0
BRDA:7,0,201,0
BRDA:7,0,202,0
BRDA:7,0,203,0
BRDA:7,0,204,0
BRDA:7,0,205,0
BRDA:7,0,206,0
BRDA:7,0,207,0
BRDA:7,0,208,0
BRDA:7,0,209,0
BRDA:7,0,210,0
BRDA:7,0,211,0
BRDA:7,0,212,0
BRDA:7,0,213,0
BRDA:7,0,214,0
BRDA:7,0,215,0
BRDA:7,0,216,0
BRDA:7,0,217,0
BRDA:7,0,218,0
BRDA:7,0,219,0
BRDA:7,0,220,0
BRDA:7,0,221,0
BRDA:7,0,222,0
BRDA:7,0,223,0
BRDA:7,0,224,0
BRDA:7,0,225,0
BRDA:7,0,226,0
BRDA:7,0,227,0
BRDA:7,0,228,0
BRDA:7,0,229,0
BRDA:7,0,230,0
BRDA:7,0,231,0
BRDA:7,0,232,0
BRDA:7,0,233,0
BRDA:7,0,234,0
BRDA:7,0,235,0
BRDA:7,0,236,0
BRDA:7,0,237,0
BRDA:7,0,238,0
BRDA:7,0,239,0
BRDA:7,0,240,0
BRDA:7,0,241,0
BRDA:7,0,242,0
BRDA:7,0,243,0
BRDA:7,0,244,0
BRDA:7,0,245,0
BRDA:7,0,246,0
BRDA:7,0,247,0
BRDA:7,0,248,0
BRDA:7,0,249,0
BRDA:7,0,250,0
BRDA:7,0,251,0
BRDA:7,0,252,0
BRDA:7,0,253,0
BRDA:7,0,254,0
BRDA:7,0,255,0
DA:8,46
DA:9,2
DA:10,32
BRDA:10,0,0,32
BRDA:10,0,1,2
DA:11,32
DA:14,42
BRDA:14,0,0,2
BRDA:14,0,1,42
BRDA:14,0,2,42
BRDA:14,0,3,2
BRDA:14,0,4,22
DA:15,2
DA:18,283
BRDA:18,0,0,283
BRDA:18,0,1,10
BRDA:18,0,2,10
BRDA:18,0,3,283
BRF:331
BRH:23
end_of_record
SF:/home/john/Desktop/ttgf-verilog-template/test/../src/Imm_Gen.v
DA:2,19
BRDA:2,0,0,10
BRDA:2,0,1,10
BRDA:2,0,2,5
BRDA:2,0,3,5
BRDA:2,0,4,14
BRDA:2,0,5,14
BRDA:2,0,6,15
BRDA:2,0,7,14
BRDA:2,0,8,15
BRDA:2,0,9,14
BRDA:2,0,10,18
BRDA:2,0,11,17
BRDA:2,0,12,19
BRDA:2,0,13,18
BRDA:2,0,14,12
BRDA:2,0,15,12
BRDA:2,0,16,6
BRDA:2,0,17,6
BRDA:2,0,18,9
BRDA:2,0,19,9
BRDA:2,0,20,2
BRDA:2,0,21,2
BRDA:2,0,22,1
BRDA:2,0,23,1
BRDA:2,0,24,3
BRDA:2,0,25,3
BRDA:2,0,26,1
BRDA:2,0,27,1
BRDA:2,0,28,1
BRDA:2,0,29,1
BRDA:2,0,30,5
BRDA:2,0,31,5
BRDA:2,0,32,7
BRDA:2,0,33,7
BRDA:2,0,34,9
BRDA:2,0,35,9
BRDA:2,0,36,3
BRDA:2,0,37,3
BRDA:2,0,38,2
BRDA:2,0,39,2
BRDA:2,0,40,1
BRDA:2,0,41,1
BRDA:2,0,42,1
BRDA:2,0,43,1
BRDA:2,0,44,1
BRDA:2,0,45,1
BRDA:2,0,46,1
BRDA:2,0,47,1
DA:4,19
BRDA:4,0,0,15
BRDA:4,0,1,14
BRDA:4,0,2,15
BRDA:4,0,3,14
BRDA:4,0,4,18
BRDA:4,0,5,17
BRDA:4,0,6,19
BRDA:4,0,7,18
DA:5,293
BRDA:5,0,0,293
BRDA:5,0,1,0
BRDA:5,0,2,288
BRDA:5,0,3,268
BRDA:5,0,4,268
BRDA:5,0,5,223
DA:6,293
DA:7,293
DA:9,10
DA:11,40
DA:13,25
DA:14,218
BRF:62
BRH:27
end_of_record
SF:/home/john/Desktop/ttgf-verilog-template/test/../src/Muxes.v
DA:3,48
BRDA:3,0,0,41
BRDA:3,0,1,40
BRDA:3,0,2,41
BRDA:3,0,3,40
BRDA:3,0,4,28
BRDA:3,0,5,25
BRDA:3,0,6,15
BRDA:3,0,7,13
BRDA:3,0,8,9
BRDA:3,0,9,7
BRDA:3,0,10,5
BRDA:3,0,11,3
BRDA:3,0,12,3
BRDA:3,0,13,3
BRDA:3,0,14,3
BRDA:3,0,15,3
BRDA:3,0,16,3
BRDA:3,0,17,3
BRDA:3,0,18,29
BRDA:3,0,19,29
BRDA:3,0,20,32
BRDA:3,0,21,31
BRDA:3,0,22,17
BRDA:3,0,23,16
BRDA:3,0,24,11
BRDA:3,0,25,10
BRDA:3,0,26,7
BRDA:3,0,27,6
BRDA:3,0,28,4
BRDA:3,0,29,4
BRDA:3,0,30,4
BRDA:3,0,31,4
BRDA:3,0,32,4
BRDA:3,0,33,4
BRDA:3,0,34,48
BRDA:3,0,35,47
BRDA:3,0,36,45
BRDA:3,0,37,43
BRDA:3,0,38,22
BRDA:3,0,39,20
BRDA:3,0,40,17
BRDA:3,0,41,15
BRDA:3,0,42,10
BRDA:3,0,43,8
BRDA:3,0,44,6
BRDA:3,0,45,6
BRDA:3,0,46,6
BRDA:3,0,47,6
BRDA:3,0,48,6
BRDA:3,0,49,6
DA:5,784
BRDA:5,0,0,388
BRDA:5,0,1,784
BRDA:5,0,2,784
BRDA:5,0,3,388
BRF:54
BRH:29
end_of_record
SF:/home/john/Desktop/ttgf-verilog-template/test/../src/PCplus1Adder.v
DA:2,11
BRDA:2,0,0,10
BRDA:2,0,1,10
BRDA:2,0,2,6
BRDA:2,0,3,5
BRDA:2,0,4,3
BRDA:2,0,5,2
BRDA:2,0,6,2
BRDA:2,0,7,1
BRDA:2,0,8,1
BRDA:2,0,9,0
BRDA:2,0,10,0
BRDA:2,0,11,0
BRDA:2,0,12,0
BRDA:2,0,13,0
BRDA:2,0,14,0
BRDA:2,0,15,0
BRDA:2,0,16,11
BRDA:2,0,17,10
BRDA:2,0,18,7
BRDA:2,0,19,6
BRDA:2,0,20,3
BRDA:2,0,21,2
BRDA:2,0,22,2
BRDA:2,0,23,1
BRDA:2,0,24,1
BRDA:2,0,25,0
BRDA:2,0,26,0
BRDA:2,0,27,0
BRDA:2,0,28,0
BRDA:2,0,29,0
BRDA:2,0,30,0
BRDA:2,0,31,0
BRF:32
BRH:4
end_of_record
SF:/home/john/Desktop/ttgf-verilog-template/test/../src/Program_Counter.v
DA:2,45
BRDA:2,0,0,45
BRDA:2,0,1,44
BRDA:2,0,2,1
BRDA:2,0,3,1
BRDA:2,0,4,23
BRDA:2,0,5,23
BRDA:2,0,6,13
BRDA:2,0,7,12
BRDA:2,0,8,7
BRDA:2,0,9,6
BRDA:2,0,10,3
BRDA:2,0,11,2
BRDA:2,0,12,2
BRDA:2,0,13,1
BRDA:2,0,14,1
BRDA:2,0,15,0
BRDA:2,0,16,0
BRDA:2,0,17,0
BRDA:2,0,18,0
BRDA:2,0,19,0
BRDA:2,0,20,0
BRDA:2,0,21,0
BRDA:2,0,22,10
BRDA:2,0,23,10
BRDA:2,0,24,6
BRDA:2,0,25,5
BRDA:2,0,26,3
BRDA:2,0,27,2
BRDA:2,0,28,2
BRDA:2,0,29,1
BRDA:2,0,30,1
BRDA:2,0,31,0
BRDA:2,0,32,0
BRDA:2,0,33,0
BRDA:2,0,34,0
BRDA:2,0,35,0
BRDA:2,0,36,0
BRDA:2,0,37,0
DA:4,10
BRDA:4,0,0,10
BRDA:4,0,1,10
BRDA:4,0,2,6
BRDA:4,0,3,5
BRDA:4,0,4,3
BRDA:4,0,5,2
BRDA:4,0,6,2
BRDA:4,0,7,1
BRDA:4,0,8,1
BRDA:4,0,9,0
BRDA:4,0,10,0
BRDA:4,0,11,0
BRDA:4,0,12,0
BRDA:4,0,13,0
BRDA:4,0,14,0
BRDA:4,0,15,0
DA:5,46
DA:6,46
DA:7,2
DA:8,2
DA:9,22
BRDA:9,0,0,22
BRDA:9,0,1,22
DA:10,22
BRF:56
BRH:12
end_of_record
SF:/home/john/Desktop/ttgf-verilog-template/test/../src/Registers.v
DA:3,45
BRDA:3,0,0,45
BRDA:3,0,1,44
BRDA:3,0,2,10
BRDA:3,0,3,10
BRDA:3,0,4,11
BRDA:3,0,5,11
BRDA:3,0,6,8
BRDA:3,0,7,8
BRDA:3,0,8,5
BRDA:3,0,9,5
BRDA:3,0,10,3
BRDA:3,0,11,3
BRDA:3,0,12,3
BRDA:3,0,13,3
BRDA:3,0,14,3
BRDA:3,0,15,3
BRDA:3,0,16,3
BRDA:3,0,17,3
BRDA:3,0,18,4
BRDA:3,0,19,4
BRDA:3,0,20,1
BRDA:3,0,21,0
BRDA:3,0,22,0
BRDA:3,0,23,0
BRDA:3,0,24,0
BRDA:3,0,25,0
BRDA:3,0,26,0
BRDA:3,0,27,0
BRDA:3,0,28,0
BRDA:3,0,29,0
BRDA:3,0,30,0
BRDA:3,0,31,0
BRDA:3,0,32,0
BRDA:3,0,33,0
BRDA:3,0,34,10
BRDA:3,0,35,10
BRDA:3,0,36,2
BRDA:3,0,37,1
BRDA:3,0,38,1
BRDA:3,0,39,1
BRDA:3,0,40,0
BRDA:3,0,41,0
BRDA:3,0,42,0
BRDA:3,0,43,0
BRDA:3,0,44,0
BRDA:3,0,45,0
BRDA:3,0,46,0
BRDA:3,0,47,0
BRDA:3,0,48,0
BRDA:3,0,49,0
BRDA:3,0,50,1
BRDA:3,0,51,1
BRDA:3,0,52,18
BRDA:3,0,53,18
BRDA:3,0,54,3
BRDA:3,0,55,3
BRDA:3,0,56,1
BRDA:3,0,57,1
BRDA:3,0,58,1
BRDA:3,0,59,1
BRDA:3,0,60,9
BRDA:3,0,61,9
BRDA:3,0,62,2
BRDA:3,0,63,2
BRDA:3,0,64,1
BRDA:3,0,65,1
BRDA:3,0,66,5
BRDA:3,0,67,5
BRDA:3,0,68,5
BRDA:3,0,69,5
BRDA:3,0,70,14
BRDA:3,0,71,14
DA:5,3
BRDA:5,0,0,0
BRDA:5,0,1,0
BRDA:5,0,2,1
BRDA:5,0,3,0
BRDA:5,0,4,0
BRDA:5,0,5,0
BRDA:5,0,6,0
BRDA:5,0,7,0
BRDA:5,0,8,0
BRDA:5,0,9,0
BRDA:5,0,10,0
BRDA:5,0,11,0
BRDA:5,0,12,0
BRDA:5,0,13,0
BRDA:5,0,14,0
BRDA:5,0,15,0
BRDA:5,0,16,1
BRDA:5,0,17,0
BRDA:5,0,18,1
BRDA:5,0,19,0
BRDA:5,0,20,0
BRDA:5,0,21,0
BRDA:5,0,22,0
BRDA:5,0,23,0
BRDA:5,0,24,0
BRDA:5,0,25,0
BRDA:5,0,26,0
BRDA:5,0,27,0
BRDA:5,0,28,0
BRDA:5,0,29,0
BRDA:5,0,30,0
BRDA:5,0,31,0
BRDA:5,0,32,1
BRDA:5,0,33,0
BRDA:5,0,34,0
BRDA:5,0,35,0
BRDA:5,0,36,1
BRDA:5,0,37,0
BRDA:5,0,38,0
BRDA:5,0,39,0
BRDA:5,0,40,0
BRDA:5,0,41,0
BRDA:5,0,42,0
BRDA:5,0,43,0
BRDA:5,0,44,0
BRDA:5,0,45,0
BRDA:5,0,46,0
BRDA:5,0,47,0
BRDA:5,0,48,1
BRDA:5,0,49,0
BRDA:5,0,50,1
BRDA:5,0,51,0
BRDA:5,0,52,1
BRDA:5,0,53,0
BRDA:5,0,54,1
BRDA:5,0,55,0
BRDA:5,0,56,1
BRDA:5,0,57,0
BRDA:5,0,58,1
BRDA:5,0,59,0
BRDA:5,0,60,1
BRDA:5,0,61,0
BRDA:5,0,62,1
BRDA:5,0,63,0
BRDA:5,0,64,3
BRDA:5,0,65,3
BRDA:5,0,66,2
BRDA:5,0,67,2
BRDA:5,0,68,3
BRDA:5,0,69,2
BRDA:5,0,70,2
BRDA:5,0,71,2
BRDA:5,0,72,0
BRDA:5,0,73,0
BRDA:5,0,74,0
BRDA:5,0,75,0
BRDA:5,0,76,0
BRDA:5,0,77,0
BRDA:5,0,78,0
BRDA:5,0,79,0
BRDA:5,0,80,0
BRDA:5,0,81,0
BRDA:5,0,82,0
BRDA:5,0,83,0
BRDA:5,0,84,0
BRDA:5,0,85,0
BRDA:5,0,86,0
BRDA:5,0,87,0
BRDA:5,0,88,0
BRDA:5,0,89,0
BRDA:5,0,90,0
BRDA:5,0,91,0
BRDA:5,0,92,0
BRDA:5,0,93,0
BRDA:5,0,94,0
BRDA:5,0,95,0
BRDA:5,0,96,1
BRDA:5,0,97,0
BRDA:5,0,98,1
BRDA:5,0,99,0
BRDA:5,0,100,0
BRDA:5,0,101,0
BRDA:5,0,102,0
BRDA:5,0,103,0
BRDA:5,0,104,0
BRDA:5,0,105,0
BRDA:5,0,106,0
BRDA:5,0,107,0
BRDA:5,0,108,0
BRDA:5,0,109,0
BRDA:5,0,110,0
BRDA:5,0,111,0
BRDA:5,0,112,1
BRDA:5,0,113,0
BRDA:5,0,114,1
BRDA:5,0,115,0
BRDA:5,0,116,0
BRDA:5,0,117,0
BRDA:5,0,118,0
BRDA:5,0,119,0
BRDA:5,0,120,0
BRDA:5,0,121,0
BRDA:5,0,122,0
BRDA:5,0,123,0
BRDA:5,0,124,0
BRDA:5,0,125,0
BRDA:5,0,126,0
BRDA:5,0,127,0
DA:8,46
DA:9,46
DA:10,2
DA:11,2
DA:12,16
BRDA:12,0,0,2
BRDA:12,0,1,16
DA:13,16
DA:26,27
BRDA:26,0,0,17
BRDA:26,0,1,27
DA:27,17
BRF:204
BRH:15
end_of_record
SF:/home/john/Desktop/ttgf-verilog-template/test/../src/project.v
DA:9,5
BRDA:9,0,0,1
BRDA:9,0,1,1
BRDA:9,0,2,4
BRDA:9,0,3,3
BRDA:9,0,4,3
BRDA:9,0,5,3
BRDA:9,0,6,3
BRDA:9,0,7,3
BRDA:9,0,8,5
BRDA:9,0,9,4
BRDA:9,0,10,4
BRDA:9,0,11,3
BRDA:9,0,12,2
BRDA:9,0,13,1
BRDA:9,0,14,1
BRDA:9,0,15,1
DA:10,12
BRDA:10,0,0,11
BRDA:10,0,1,11
BRDA:10,0,2,12
BRDA:10,0,3,11
BRDA:10,0,4,8
BRDA:10,0,5,7
BRDA:10,0,6,10
BRDA:10,0,7,9
BRDA:10,0,8,6
BRDA:10,0,9,5
BRDA:10,0,10,3
BRDA:10,0,11,3
BRDA:10,0,12,3
BRDA:10,0,13,3
BRDA:10,0,14,3
BRDA:10,0,15,3
DA:11,9
BRDA:11,0,0,9
BRDA:11,0,1,9
BRDA:11,0,2,6
BRDA:11,0,3,5
BRDA:11,0,4,3
BRDA:11,0,5,3
BRDA:11,0,6,3
BRDA:11,0,7,3
BRDA:11,0,8,2
BRDA:11,0,9,1
BRDA:11,0,10,1
BRDA:11,0,11,1
BRDA:11,0,12,2
BRDA:11,0,13,1
BRDA:11,0,14,1
BRDA:11,0,15,1
DA:12,0
BRDA:12,0,0,0
BRDA:12,0,1,0
BRDA:12,0,2,0
BRDA:12,0,3,0
BRDA:12,0,4,0
BRDA:12,0,5,0
BRDA:12,0,6,0
BRDA:12,0,7,0
BRDA:12,0,8,0
BRDA:12,0,9,0
BRDA:12,0,10,0
BRDA:12,0,11,0
BRDA:12,0,12,0
BRDA:12,0,13,0
BRDA:12,0,14,0
BRDA:12,0,15,0
DA:13,0
BRDA:13,0,0,0
BRDA:13,0,1,0
BRDA:13,0,2,0
BRDA:13,0,3,0
BRDA:13,0,4,0
BRDA:13,0,5,0
BRDA:13,0,6,0
BRDA:13,0,7,0
BRDA:13,0,8,0
BRDA:13,0,9,0
BRDA:13,0,10,0
BRDA:13,0,11,0
BRDA:13,0,12,0
BRDA:13,0,13,0
BRDA:13,0,14,0
BRDA:13,0,15,0
DA:14,0
BRDA:14,0,0,0
BRDA:14,0,1,0
DA:15,45
BRDA:15,0,0,45
BRDA:15,0,1,44
DA:16,1
BRDA:16,0,0,1
BRDA:16,0,1,0
DA:19,243
BRDA:19,0,0,4
BRDA:19,0,1,243
BRDA:19,0,2,1
BRDA:19,0,3,1
DA:35,247
BRDA:35,0,0,247
BRDA:35,0,1,0
BRDA:35,0,2,247
BRF:93
BRH:10
end_of_record
SF:/home/john/Desktop/ttgf-verilog-template/test/tb.v
DA:17,45
BRDA:17,0,0,45
BRDA:17,0,1,44
DA:18,1
BRDA:18,0,0,1
BRDA:18,0,1,0
DA:19,0
BRDA:19,0,0,0
BRDA:19,0,1,0
DA:20,5
BRDA:20,0,0,1
BRDA:20,0,1,1
BRDA:20,0,2,4
BRDA:20,0,3,3
BRDA:20,0,4,3
BRDA:20,0,5,3
BRDA:20,0,6,3
BRDA:20,0,7,3
BRDA:20,0,8,5
BRDA:20,0,9,4
BRDA:20,0,10,4
BRDA:20,0,11,3
BRDA:20,0,12,2
BRDA:20,0,13,1
BRDA:20,0,14,1
BRDA:20,0,15,1
DA:21,9
BRDA:21,0,0,9
BRDA:21,0,1,9
BRDA:21,0,2,6
BRDA:21,0,3,5
BRDA:21,0,4,3
BRDA:21,0,5,3
BRDA:21,0,6,3
BRDA:21,0,7,3
BRDA:21,0,8,2
BRDA:21,0,9,1
BRDA:21,0,10,1
BRDA:21,0,11,1
BRDA:21,0,12,2
BRDA:21,0,13,1
BRDA:21,0,14,1
BRDA:21,0,15,1
DA:22,12
BRDA:22,0,0,11
BRDA:22,0,1,11
BRDA:22,0,2,12
BRDA:22,0,3,11
BRDA:22,0,4,8
BRDA:22,0,5,7
BRDA:22,0,6,10
BRDA:22,0,7,9
BRDA:22,0,8,6
BRDA:22,0,9,5
BRDA:22,0,10,3
BRDA:22,0,11,3
BRDA:22,0,12,3
BRDA:22,0,13,3
BRDA:22,0,14,3
BRDA:22,0,15,3
DA:23,0
BRDA:23,0,0,0
BRDA:23,0,1,0
BRDA:23,0,2,0
BRDA:23,0,3,0
BRDA:23,0,4,0
BRDA:23,0,5,0
BRDA:23,0,6,0
BRDA:23,0,7,0
BRDA:23,0,8,0
BRDA:23,0,9,0
BRDA:23,0,10,0
BRDA:23,0,11,0
BRDA:23,0,12,0
BRDA:23,0,13,0
BRDA:23,0,14,0
BRDA:23,0,15,0
DA:24,0
BRDA:24,0,0,0
BRDA:24,0,1,0
BRDA:24,0,2,0
BRDA:24,0,3,0
BRDA:24,0,4,0
BRDA:24,0,5,0
BRDA:24,0,6,0
BRDA:24,0,7,0
BRDA:24,0,8,0
BRDA:24,0,9,0
BRDA:24,0,10,0
BRDA:24,0,11,0
BRDA:24,0,12,0
BRDA:24,0,13,0
BRDA:24,0,14,0
BRDA:24,0,15,0
BRF:86
BRH:7
end_of_record
