TN:verilator_coverage
SF:/home/john/Desktop/ttgf-verilog-template/test/../src/Control_Unit.v
DA:3,8
BRDA:3,0,0,1
BRDA:3,0,1,1
BRDA:3,0,2,1
BRDA:3,0,3,1
BRDA:3,0,4,1
BRDA:3,0,5,1
BRDA:3,0,6,8
BRDA:3,0,7,7
BRDA:3,0,8,4
BRDA:3,0,9,3
BRDA:3,0,10,2
BRDA:3,0,11,1
BRDA:3,0,12,1
BRDA:3,0,13,0
BRDA:3,0,14,1
BRDA:3,0,15,1
BRDA:3,0,16,1
BRDA:3,0,17,1
BRDA:3,0,18,6
BRDA:3,0,19,6
BRDA:3,0,20,4
BRDA:3,0,21,4
BRDA:3,0,22,2
BRDA:3,0,23,2
BRDA:3,0,24,1
BRDA:3,0,25,1
BRDA:3,0,26,2
BRDA:3,0,27,1
BRDA:3,0,28,2
BRDA:3,0,29,2
BRDA:3,0,30,4
BRDA:3,0,31,4
BRDA:3,0,32,2
BRDA:3,0,33,2
BRDA:3,0,34,1
BRDA:3,0,35,1
BRDA:3,0,36,1
BRDA:3,0,37,1
BRDA:3,0,38,1
BRDA:3,0,39,1
DA:25,47
DA:27,47
DA:28,47
DA:29,47
DA:30,47
DA:31,47
DA:32,47
DA:33,47
DA:34,47
DA:35,47
DA:36,47
DA:37,47
DA:40,47
DA:42,18
DA:43,18
DA:44,18
DA:45,18
DA:46,18
DA:47,18
DA:48,18
DA:49,18
DA:50,18
DA:51,18
DA:52,18
DA:55,18
DA:56,4
DA:57,2
DA:58,2
DA:59,2
DA:60,2
DA:61,2
DA:62,2
DA:63,2
DA:68,14
DA:69,14
DA:70,14
DA:71,14
DA:72,14
DA:73,14
DA:74,14
DA:75,14
DA:76,14
DA:77,14
DA:78,14
DA:79,43
BRDA:79,0,0,4
BRDA:79,0,1,10
BRDA:79,0,2,43
BRDA:79,0,3,2
BRDA:79,0,4,2
DA:80,12
BRDA:80,0,0,2
BRDA:80,0,1,12
DA:81,12
BRDA:81,0,0,2
BRDA:81,0,1,12
DA:82,12
BRDA:82,0,0,2
BRDA:82,0,1,12
DA:83,12
BRDA:83,0,0,2
BRDA:83,0,1,12
DA:84,12
BRDA:84,0,0,2
BRDA:84,0,1,12
DA:90,2
DA:91,2
DA:92,2
DA:93,2
DA:94,2
DA:95,2
DA:96,2
DA:97,2
DA:98,2
DA:99,2
DA:100,2
DA:101,2
DA:105,2
DA:106,2
DA:107,2
DA:108,2
DA:109,2
DA:110,2
DA:111,2
DA:112,2
DA:113,2
DA:114,2
DA:115,2
DA:116,2
DA:120,6
DA:121,6
DA:122,6
DA:123,6
DA:124,6
DA:125,6
DA:126,6
DA:127,6
DA:129,6
DA:131,4
BRDA:131,0,0,2
BRDA:131,0,1,4
DA:132,4
BRDA:132,0,0,2
BRDA:132,0,1,4
DA:133,4
BRDA:133,0,0,2
BRDA:133,0,1,4
DA:137,1
DA:139,4
BRF:61
BRH:7
end_of_record
