TN:verilator_coverage
SF:/home/john/Desktop/ttgf-verilog-template/test/../src/ALU.v
DA:3,750
BRDA:3,0,0,151
BRDA:3,0,1,151
BRDA:3,0,2,737
BRDA:3,0,3,737
BRDA:3,0,4,728
BRDA:3,0,5,728
BRDA:3,0,6,744
BRDA:3,0,7,744
BRDA:3,0,8,746
BRDA:3,0,9,746
BRDA:3,0,10,747
BRDA:3,0,11,747
BRDA:3,0,12,740
BRDA:3,0,13,740
BRDA:3,0,14,710
BRDA:3,0,15,710
BRDA:3,0,16,750
BRDA:3,0,17,750
BRDA:3,0,18,568
BRDA:3,0,19,568
BRDA:3,0,20,543
BRDA:3,0,21,543
BRDA:3,0,22,552
BRDA:3,0,23,552
BRDA:3,0,24,618
BRDA:3,0,25,618
BRDA:3,0,26,452
BRDA:3,0,27,452
BRDA:3,0,28,381
BRDA:3,0,29,381
BRDA:3,0,30,426
BRDA:3,0,31,426
BRDA:3,0,32,442
BRDA:3,0,33,442
BRDA:3,0,34,712
BRDA:3,0,35,712
BRDA:3,0,36,703
BRDA:3,0,37,703
BRDA:3,0,38,714
BRDA:3,0,39,714
BRDA:3,0,40,704
BRDA:3,0,41,704
BRDA:3,0,42,703
BRDA:3,0,43,703
BRDA:3,0,44,648
BRDA:3,0,45,648
BRDA:3,0,46,674
BRDA:3,0,47,674
BRDA:3,0,48,710
BRDA:3,0,49,710
BRDA:3,0,50,238
BRDA:3,0,51,238
BRDA:3,0,52,254
BRDA:3,0,53,254
BRDA:3,0,54,248
BRDA:3,0,55,248
BRDA:3,0,56,243
BRDA:3,0,57,242
DA:5,20648
DA:7,20648
DA:8,20648
DA:10,20648
DA:13,12809
DA:14,12809
DA:15,12809
DA:18,1573
DA:19,1573
DA:20,895
BRDA:20,0,0,678
BRDA:20,0,1,895
DA:21,895
DA:24,1306
DA:25,1306
DA:29,1227
DA:30,1227
DA:34,1242
DA:35,1242
DA:39,1381
DA:40,1381
DA:44,1110
DA:45,1110
DA:49,0
DA:50,0
DA:52,0
DA:59,18713
BRDA:59,0,0,18713
BRDA:59,0,1,1935
BRDA:59,0,2,1935
BRDA:59,0,3,18713
BRF:64
BRH:64
end_of_record
SF:/home/john/Desktop/ttgf-verilog-template/test/../src/Branch_Control.v
DA:2,243
BRDA:2,0,0,121
BRDA:2,0,1,121
BRDA:2,0,2,108
BRDA:2,0,3,108
BRDA:2,0,4,118
BRDA:2,0,5,118
BRDA:2,0,6,243
BRDA:2,0,7,242
BRDA:2,0,8,151
BRDA:2,0,9,151
BRDA:2,0,10,129
BRDA:2,0,11,129
DA:6,19597
BRDA:6,0,0,19597
BRDA:6,0,1,19593
BRDA:6,0,2,1843
BRDA:6,0,3,1896
BRDA:6,0,4,39
BRDA:6,0,5,153
BRDA:6,0,6,257
BRDA:6,0,7,18138
BRDA:6,0,8,17902
BRF:21
BRH:21
end_of_record
SF:/home/john/Desktop/ttgf-verilog-template/test/../src/Control_Unit.v
DA:3,754
BRDA:3,0,0,121
BRDA:3,0,1,121
BRDA:3,0,2,108
BRDA:3,0,3,108
BRDA:3,0,4,118
BRDA:3,0,5,118
BRDA:3,0,6,222
BRDA:3,0,7,221
BRDA:3,0,8,241
BRDA:3,0,9,240
BRDA:3,0,10,57
BRDA:3,0,11,56
BRDA:3,0,12,77
BRDA:3,0,13,76
BRDA:3,0,14,1
BRDA:3,0,15,1
BRDA:3,0,16,2
BRDA:3,0,17,2
BRDA:3,0,18,238
BRDA:3,0,19,238
BRDA:3,0,20,254
BRDA:3,0,21,254
BRDA:3,0,22,248
BRDA:3,0,23,248
BRDA:3,0,24,1
BRDA:3,0,25,1
BRDA:3,0,26,2
BRDA:3,0,27,1
BRDA:3,0,28,1
BRDA:3,0,29,1
BRDA:3,0,30,739
BRDA:3,0,31,739
BRDA:3,0,32,748
BRDA:3,0,33,748
BRDA:3,0,34,754
BRDA:3,0,35,754
BRDA:3,0,36,1
BRDA:3,0,37,1
BRDA:3,0,38,1
BRDA:3,0,39,1
DA:25,18093
DA:27,18093
DA:28,18093
DA:29,18093
DA:30,18093
DA:31,18093
DA:32,18093
DA:33,18093
DA:34,18093
DA:35,18093
DA:36,18093
DA:37,18093
DA:40,18093
DA:42,3542
DA:43,3542
DA:44,3542
DA:45,3542
DA:46,3542
DA:47,3542
DA:48,3542
DA:49,3542
DA:50,3542
DA:51,3542
DA:52,3542
DA:55,3542
DA:56,502
DA:57,457
DA:58,591
DA:59,510
DA:60,448
DA:61,591
DA:62,443
DA:63,0
DA:68,7044
DA:69,7044
DA:70,7044
DA:71,7044
DA:72,7044
DA:73,7044
DA:74,7044
DA:75,7044
DA:76,7044
DA:77,7044
DA:78,7044
DA:79,13955
BRDA:79,0,0,4138
BRDA:79,0,1,2906
BRDA:79,0,2,13955
BRDA:79,0,3,631
BRDA:79,0,4,3507
DA:80,6490
BRDA:80,0,0,554
BRDA:80,0,1,6490
DA:81,6479
BRDA:81,0,0,565
BRDA:81,0,1,6479
DA:82,6405
BRDA:82,0,0,639
BRDA:82,0,1,6405
DA:83,6426
BRDA:83,0,0,618
BRDA:83,0,1,6426
DA:84,6514
BRDA:84,0,0,530
BRDA:84,0,1,6514
DA:90,3504
DA:91,3504
DA:92,3504
DA:93,3504
DA:94,3504
DA:95,3504
DA:96,3504
DA:97,3504
DA:98,3504
DA:99,3504
DA:100,3504
DA:101,3504
DA:105,3001
DA:106,3001
DA:107,3001
DA:108,3001
DA:109,3001
DA:110,3001
DA:111,3001
DA:112,3001
DA:113,3001
DA:114,3001
DA:115,3001
DA:116,3001
DA:120,1001
DA:121,1001
DA:122,1001
DA:123,1001
DA:124,1001
DA:125,1001
DA:126,1001
DA:127,1001
DA:129,1001
DA:131,662
BRDA:131,0,0,339
BRDA:131,0,1,662
DA:132,691
BRDA:132,0,0,310
BRDA:132,0,1,691
DA:133,649
BRDA:133,0,0,352
BRDA:133,0,1,649
DA:137,1
DA:139,0
BRF:61
BRH:47
end_of_record
SF:/home/john/Desktop/ttgf-verilog-template/test/../src/Data_Memory.v
DA:3,2551
BRDA:3,0,0,2551
BRDA:3,0,1,2550
BRDA:3,0,2,710
BRDA:3,0,3,709
BRDA:3,0,4,665
BRDA:3,0,5,665
BRDA:3,0,6,697
BRDA:3,0,7,697
BRDA:3,0,8,719
BRDA:3,0,9,719
BRDA:3,0,10,551
BRDA:3,0,11,551
BRDA:3,0,12,498
BRDA:3,0,13,498
BRDA:3,0,14,564
BRDA:3,0,15,564
BRDA:3,0,16,584
BRDA:3,0,17,584
BRDA:3,0,18,146
BRDA:3,0,19,146
BRDA:3,0,20,138
BRDA:3,0,21,138
BRDA:3,0,22,136
BRDA:3,0,23,136
BRDA:3,0,24,140
BRDA:3,0,25,140
BRDA:3,0,26,0
BRDA:3,0,27,0
BRDA:3,0,28,0
BRDA:3,0,29,0
BRDA:3,0,30,0
BRDA:3,0,31,0
BRDA:3,0,32,0
BRDA:3,0,33,0
BRDA:3,0,34,5
BRDA:3,0,35,5
BRDA:3,0,36,737
BRDA:3,0,37,737
BRDA:3,0,38,728
BRDA:3,0,39,728
BRDA:3,0,40,744
BRDA:3,0,41,744
BRDA:3,0,42,746
BRDA:3,0,43,746
BRDA:3,0,44,747
BRDA:3,0,45,747
BRDA:3,0,46,740
BRDA:3,0,47,740
BRDA:3,0,48,710
BRDA:3,0,49,710
BRDA:3,0,50,750
BRDA:3,0,51,750
BRDA:3,0,52,1
BRDA:3,0,53,1
BRDA:3,0,54,1
BRDA:3,0,55,1
BRDA:3,0,56,1
BRDA:3,0,57,1
DA:6,20648
BRDA:6,0,0,20648
BRDA:6,0,1,0
BRDA:6,0,2,11633
BRDA:6,0,3,11628
BRDA:6,0,4,12408
BRDA:6,0,5,11637
DA:7,13
BRDA:7,0,0,8
BRDA:7,0,1,7
BRDA:7,0,2,6
BRDA:7,0,3,6
BRDA:7,0,4,9
BRDA:7,0,5,9
BRDA:7,0,6,9
BRDA:7,0,7,9
BRDA:7,0,8,6
BRDA:7,0,9,6
BRDA:7,0,10,6
BRDA:7,0,11,6
BRDA:7,0,12,9
BRDA:7,0,13,9
BRDA:7,0,14,9
BRDA:7,0,15,9
BRDA:7,0,16,6
BRDA:7,0,17,6
BRDA:7,0,18,9
BRDA:7,0,19,9
BRDA:7,0,20,6
BRDA:7,0,21,6
BRDA:7,0,22,9
BRDA:7,0,23,8
BRDA:7,0,24,7
BRDA:7,0,25,6
BRDA:7,0,26,4
BRDA:7,0,27,4
BRDA:7,0,28,6
BRDA:7,0,29,6
BRDA:7,0,30,7
BRDA:7,0,31,7
BRDA:7,0,32,8
BRDA:7,0,33,8
BRDA:7,0,34,13
BRDA:7,0,35,12
BRDA:7,0,36,9
BRDA:7,0,37,9
BRDA:7,0,38,12
BRDA:7,0,39,12
BRDA:7,0,40,13
BRDA:7,0,41,13
BRDA:7,0,42,10
BRDA:7,0,43,10
BRDA:7,0,44,9
BRDA:7,0,45,9
BRDA:7,0,46,10
BRDA:7,0,47,10
BRDA:7,0,48,8
BRDA:7,0,49,8
BRDA:7,0,50,5
BRDA:7,0,51,5
BRDA:7,0,52,10
BRDA:7,0,53,9
BRDA:7,0,54,11
BRDA:7,0,55,10
BRDA:7,0,56,9
BRDA:7,0,57,8
BRDA:7,0,58,8
BRDA:7,0,59,7
BRDA:7,0,60,8
BRDA:7,0,61,7
BRDA:7,0,62,4
BRDA:7,0,63,3
BRDA:7,0,64,12
BRDA:7,0,65,11
BRDA:7,0,66,10
BRDA:7,0,67,10
BRDA:7,0,68,10
BRDA:7,0,69,10
BRDA:7,0,70,11
BRDA:7,0,71,11
BRDA:7,0,72,8
BRDA:7,0,73,8
BRDA:7,0,74,6
BRDA:7,0,75,6
BRDA:7,0,76,9
BRDA:7,0,77,9
BRDA:7,0,78,7
BRDA:7,0,79,7
BRDA:7,0,80,8
BRDA:7,0,81,8
BRDA:7,0,82,12
BRDA:7,0,83,12
BRDA:7,0,84,12
BRDA:7,0,85,12
BRDA:7,0,86,12
BRDA:7,0,87,12
BRDA:7,0,88,8
BRDA:7,0,89,8
BRDA:7,0,90,7
BRDA:7,0,91,7
BRDA:7,0,92,10
BRDA:7,0,93,10
BRDA:7,0,94,9
BRDA:7,0,95,9
BRDA:7,0,96,9
BRDA:7,0,97,9
BRDA:7,0,98,9
BRDA:7,0,99,9
BRDA:7,0,100,12
BRDA:7,0,101,11
BRDA:7,0,102,12
BRDA:7,0,103,11
BRDA:7,0,104,7
BRDA:7,0,105,6
BRDA:7,0,106,5
BRDA:7,0,107,4
BRDA:7,0,108,11
BRDA:7,0,109,10
BRDA:7,0,110,10
BRDA:7,0,111,9
BRDA:7,0,112,7
BRDA:7,0,113,7
BRDA:7,0,114,6
BRDA:7,0,115,6
BRDA:7,0,116,6
BRDA:7,0,117,6
BRDA:7,0,118,10
BRDA:7,0,119,9
BRDA:7,0,120,11
BRDA:7,0,121,10
BRDA:7,0,122,6
BRDA:7,0,123,6
BRDA:7,0,124,6
BRDA:7,0,125,6
BRDA:7,0,126,5
BRDA:7,0,127,5
BRDA:7,0,128,4
BRDA:7,0,129,4
BRDA:7,0,130,6
BRDA:7,0,131,6
BRDA:7,0,132,6
BRDA:7,0,133,5
BRDA:7,0,134,8
BRDA:7,0,135,7
BRDA:7,0,136,9
BRDA:7,0,137,8
BRDA:7,0,138,6
BRDA:7,0,139,5
BRDA:7,0,140,6
BRDA:7,0,141,5
BRDA:7,0,142,9
BRDA:7,0,143,8
BRDA:7,0,144,7
BRDA:7,0,145,6
BRDA:7,0,146,9
BRDA:7,0,147,8
BRDA:7,0,148,6
BRDA:7,0,149,5
BRDA:7,0,150,8
BRDA:7,0,151,7
BRDA:7,0,152,8
BRDA:7,0,153,8
BRDA:7,0,154,5
BRDA:7,0,155,5
BRDA:7,0,156,6
BRDA:7,0,157,5
BRDA:7,0,158,6
BRDA:7,0,159,5
BRDA:7,0,160,7
BRDA:7,0,161,7
BRDA:7,0,162,5
BRDA:7,0,163,5
BRDA:7,0,164,8
BRDA:7,0,165,7
BRDA:7,0,166,6
BRDA:7,0,167,5
BRDA:7,0,168,7
BRDA:7,0,169,6
BRDA:7,0,170,4
BRDA:7,0,171,3
BRDA:7,0,172,6
BRDA:7,0,173,5
BRDA:7,0,174,6
BRDA:7,0,175,5
BRDA:7,0,176,7
BRDA:7,0,177,6
BRDA:7,0,178,7
BRDA:7,0,179,6
BRDA:7,0,180,8
BRDA:7,0,181,7
BRDA:7,0,182,5
BRDA:7,0,183,4
BRDA:7,0,184,4
BRDA:7,0,185,4
BRDA:7,0,186,3
BRDA:7,0,187,3
BRDA:7,0,188,6
BRDA:7,0,189,5
BRDA:7,0,190,6
BRDA:7,0,191,5
BRDA:7,0,192,9
BRDA:7,0,193,8
BRDA:7,0,194,8
BRDA:7,0,195,7
BRDA:7,0,196,8
BRDA:7,0,197,7
BRDA:7,0,198,7
BRDA:7,0,199,6
BRDA:7,0,200,5
BRDA:7,0,201,5
BRDA:7,0,202,5
BRDA:7,0,203,5
BRDA:7,0,204,7
BRDA:7,0,205,6
BRDA:7,0,206,6
BRDA:7,0,207,5
BRDA:7,0,208,9
BRDA:7,0,209,9
BRDA:7,0,210,10
BRDA:7,0,211,10
BRDA:7,0,212,9
BRDA:7,0,213,9
BRDA:7,0,214,7
BRDA:7,0,215,6
BRDA:7,0,216,8
BRDA:7,0,217,7
BRDA:7,0,218,6
BRDA:7,0,219,6
BRDA:7,0,220,7
BRDA:7,0,221,7
BRDA:7,0,222,6
BRDA:7,0,223,6
BRDA:7,0,224,7
BRDA:7,0,225,6
BRDA:7,0,226,6
BRDA:7,0,227,5
BRDA:7,0,228,7
BRDA:7,0,229,6
BRDA:7,0,230,7
BRDA:7,0,231,6
BRDA:7,0,232,4
BRDA:7,0,233,4
BRDA:7,0,234,3
BRDA:7,0,235,3
BRDA:7,0,236,7
BRDA:7,0,237,6
BRDA:7,0,238,6
BRDA:7,0,239,5
BRDA:7,0,240,7
BRDA:7,0,241,7
BRDA:7,0,242,5
BRDA:7,0,243,5
BRDA:7,0,244,8
BRDA:7,0,245,8
BRDA:7,0,246,9
BRDA:7,0,247,9
BRDA:7,0,248,11
BRDA:7,0,249,11
BRDA:7,0,250,9
BRDA:7,0,251,9
BRDA:7,0,252,8
BRDA:7,0,253,8
BRDA:7,0,254,8
BRDA:7,0,255,7
DA:8,2555
DA:9,5
DA:10,80
BRDA:10,0,0,80
BRDA:10,0,1,5
DA:11,80
DA:14,2050
BRDA:14,0,0,500
BRDA:14,0,1,2050
BRDA:14,0,2,2050
BRDA:14,0,3,500
BRDA:14,0,4,0
DA:15,500
DA:18,16643
BRDA:18,0,0,16643
BRDA:18,0,1,4005
BRDA:18,0,2,4005
BRDA:18,0,3,16643
BRF:331
BRH:99
end_of_record
SF:/home/john/Desktop/ttgf-verilog-template/test/../src/Imm_Gen.v
DA:2,761
BRDA:2,0,0,739
BRDA:2,0,1,739
BRDA:2,0,2,759
BRDA:2,0,3,759
BRDA:2,0,4,746
BRDA:2,0,5,746
BRDA:2,0,6,222
BRDA:2,0,7,221
BRDA:2,0,8,241
BRDA:2,0,9,240
BRDA:2,0,10,57
BRDA:2,0,11,56
BRDA:2,0,12,77
BRDA:2,0,13,76
BRDA:2,0,14,748
BRDA:2,0,15,748
BRDA:2,0,16,754
BRDA:2,0,17,754
BRDA:2,0,18,726
BRDA:2,0,19,726
BRDA:2,0,20,729
BRDA:2,0,21,729
BRDA:2,0,22,746
BRDA:2,0,23,746
BRDA:2,0,24,761
BRDA:2,0,25,761
BRDA:2,0,26,761
BRDA:2,0,27,761
BRDA:2,0,28,625
BRDA:2,0,29,625
BRDA:2,0,30,744
BRDA:2,0,31,744
BRDA:2,0,32,613
BRDA:2,0,33,613
BRDA:2,0,34,623
BRDA:2,0,35,623
BRDA:2,0,36,626
BRDA:2,0,37,626
BRDA:2,0,38,603
BRDA:2,0,39,603
BRDA:2,0,40,612
BRDA:2,0,41,612
BRDA:2,0,42,599
BRDA:2,0,43,599
BRDA:2,0,44,600
BRDA:2,0,45,600
BRDA:2,0,46,606
BRDA:2,0,47,606
DA:4,241
BRDA:4,0,0,222
BRDA:4,0,1,221
BRDA:4,0,2,241
BRDA:4,0,3,240
BRDA:4,0,4,57
BRDA:4,0,5,56
BRDA:4,0,6,77
BRDA:4,0,7,76
DA:5,18093
BRDA:5,0,0,18093
BRDA:5,0,1,0
BRDA:5,0,2,10910
BRDA:5,0,3,8774
BRDA:5,0,4,8902
BRDA:5,0,5,9270
DA:6,18093
DA:7,18093
DA:9,3507
DA:11,7041
DA:13,4002
DA:14,3543
BRF:62
BRH:61
end_of_record
SF:/home/john/Desktop/ttgf-verilog-template/test/../src/Muxes.v
DA:3,1465
BRDA:3,0,0,4
BRDA:3,0,1,3
BRDA:3,0,2,1447
BRDA:3,0,3,1446
BRDA:3,0,4,1393
BRDA:3,0,5,1393
BRDA:3,0,6,1441
BRDA:3,0,7,1441
BRDA:3,0,8,1465
BRDA:3,0,9,1465
BRDA:3,0,10,1298
BRDA:3,0,11,1298
BRDA:3,0,12,1238
BRDA:3,0,13,1238
BRDA:3,0,14,1274
BRDA:3,0,15,1274
BRDA:3,0,16,1334
BRDA:3,0,17,1334
BRDA:3,0,18,759
BRDA:3,0,19,759
BRDA:3,0,20,761
BRDA:3,0,21,761
BRDA:3,0,22,762
BRDA:3,0,23,762
BRDA:3,0,24,743
BRDA:3,0,25,743
BRDA:3,0,26,612
BRDA:3,0,27,612
BRDA:3,0,28,599
BRDA:3,0,29,599
BRDA:3,0,30,600
BRDA:3,0,31,600
BRDA:3,0,32,606
BRDA:3,0,33,606
BRDA:3,0,34,1323
BRDA:3,0,35,1323
BRDA:3,0,36,1309
BRDA:3,0,37,1309
BRDA:3,0,38,1323
BRDA:3,0,39,1323
BRDA:3,0,40,1322
BRDA:3,0,41,1322
BRDA:3,0,42,1182
BRDA:3,0,43,1182
BRDA:3,0,44,1113
BRDA:3,0,45,1113
BRDA:3,0,46,1142
BRDA:3,0,47,1142
BRDA:3,0,48,1205
BRDA:3,0,49,1205
DA:5,23059
BRDA:5,0,0,23059
BRDA:5,0,1,18237
BRDA:5,0,2,18237
BRDA:5,0,3,23059
BRF:54
BRH:52
end_of_record
SF:/home/john/Desktop/ttgf-verilog-template/test/../src/Registers.v
DA:3,2551
BRDA:3,0,0,2551
BRDA:3,0,1,2550
BRDA:3,0,2,611
BRDA:3,0,3,611
BRDA:3,0,4,606
BRDA:3,0,5,606
BRDA:3,0,6,609
BRDA:3,0,7,609
BRDA:3,0,8,618
BRDA:3,0,9,618
BRDA:3,0,10,479
BRDA:3,0,11,479
BRDA:3,0,12,465
BRDA:3,0,13,465
BRDA:3,0,14,468
BRDA:3,0,15,468
BRDA:3,0,16,495
BRDA:3,0,17,495
BRDA:3,0,18,690
BRDA:3,0,19,689
BRDA:3,0,20,675
BRDA:3,0,21,675
BRDA:3,0,22,681
BRDA:3,0,23,681
BRDA:3,0,24,727
BRDA:3,0,25,727
BRDA:3,0,26,557
BRDA:3,0,27,557
BRDA:3,0,28,505
BRDA:3,0,29,505
BRDA:3,0,30,543
BRDA:3,0,31,543
BRDA:3,0,32,555
BRDA:3,0,33,555
BRDA:3,0,34,710
BRDA:3,0,35,709
BRDA:3,0,36,665
BRDA:3,0,37,665
BRDA:3,0,38,697
BRDA:3,0,39,697
BRDA:3,0,40,719
BRDA:3,0,41,719
BRDA:3,0,42,551
BRDA:3,0,43,551
BRDA:3,0,44,498
BRDA:3,0,45,498
BRDA:3,0,46,564
BRDA:3,0,47,564
BRDA:3,0,48,584
BRDA:3,0,49,584
BRDA:3,0,50,5
BRDA:3,0,51,5
BRDA:3,0,52,1
BRDA:3,0,53,1
BRDA:3,0,54,761
BRDA:3,0,55,761
BRDA:3,0,56,761
BRDA:3,0,57,761
BRDA:3,0,58,625
BRDA:3,0,59,625
BRDA:3,0,60,726
BRDA:3,0,61,726
BRDA:3,0,62,729
BRDA:3,0,63,729
BRDA:3,0,64,746
BRDA:3,0,65,746
BRDA:3,0,66,744
BRDA:3,0,67,744
BRDA:3,0,68,759
BRDA:3,0,69,759
BRDA:3,0,70,746
BRDA:3,0,71,746
DA:5,87
BRDA:5,0,0,72
BRDA:5,0,1,71
BRDA:5,0,2,51
BRDA:5,0,3,51
BRDA:5,0,4,50
BRDA:5,0,5,50
BRDA:5,0,6,51
BRDA:5,0,7,51
BRDA:5,0,8,34
BRDA:5,0,9,34
BRDA:5,0,10,38
BRDA:5,0,11,38
BRDA:5,0,12,37
BRDA:5,0,13,37
BRDA:5,0,14,44
BRDA:5,0,15,44
BRDA:5,0,16,82
BRDA:5,0,17,81
BRDA:5,0,18,73
BRDA:5,0,19,72
BRDA:5,0,20,73
BRDA:5,0,21,72
BRDA:5,0,22,80
BRDA:5,0,23,79
BRDA:5,0,24,58
BRDA:5,0,25,57
BRDA:5,0,26,62
BRDA:5,0,27,61
BRDA:5,0,28,54
BRDA:5,0,29,53
BRDA:5,0,30,53
BRDA:5,0,31,53
BRDA:5,0,32,64
BRDA:5,0,33,64
BRDA:5,0,34,87
BRDA:5,0,35,86
BRDA:5,0,36,68
BRDA:5,0,37,68
BRDA:5,0,38,66
BRDA:5,0,39,66
BRDA:5,0,40,50
BRDA:5,0,41,50
BRDA:5,0,42,51
BRDA:5,0,43,51
BRDA:5,0,44,50
BRDA:5,0,45,50
BRDA:5,0,46,59
BRDA:5,0,47,59
BRDA:5,0,48,61
BRDA:5,0,49,61
BRDA:5,0,50,62
BRDA:5,0,51,62
BRDA:5,0,52,71
BRDA:5,0,53,71
BRDA:5,0,54,80
BRDA:5,0,55,79
BRDA:5,0,56,59
BRDA:5,0,57,58
BRDA:5,0,58,40
BRDA:5,0,59,40
BRDA:5,0,60,54
BRDA:5,0,61,54
BRDA:5,0,62,52
BRDA:5,0,63,52
BRDA:5,0,64,58
BRDA:5,0,65,58
BRDA:5,0,66,58
BRDA:5,0,67,58
BRDA:5,0,68,70
BRDA:5,0,69,70
BRDA:5,0,70,51
BRDA:5,0,71,51
BRDA:5,0,72,46
BRDA:5,0,73,46
BRDA:5,0,74,42
BRDA:5,0,75,42
BRDA:5,0,76,42
BRDA:5,0,77,42
BRDA:5,0,78,44
BRDA:5,0,79,44
BRDA:5,0,80,61
BRDA:5,0,81,61
BRDA:5,0,82,67
BRDA:5,0,83,67
BRDA:5,0,84,77
BRDA:5,0,85,76
BRDA:5,0,86,80
BRDA:5,0,87,79
BRDA:5,0,88,56
BRDA:5,0,89,55
BRDA:5,0,90,62
BRDA:5,0,91,61
BRDA:5,0,92,58
BRDA:5,0,93,57
BRDA:5,0,94,61
BRDA:5,0,95,60
BRDA:5,0,96,79
BRDA:5,0,97,78
BRDA:5,0,98,75
BRDA:5,0,99,74
BRDA:5,0,100,80
BRDA:5,0,101,79
BRDA:5,0,102,71
BRDA:5,0,103,70
BRDA:5,0,104,45
BRDA:5,0,105,45
BRDA:5,0,106,47
BRDA:5,0,107,47
BRDA:5,0,108,57
BRDA:5,0,109,56
BRDA:5,0,110,57
BRDA:5,0,111,56
BRDA:5,0,112,57
BRDA:5,0,113,57
BRDA:5,0,114,59
BRDA:5,0,115,59
BRDA:5,0,116,57
BRDA:5,0,117,57
BRDA:5,0,118,64
BRDA:5,0,119,64
BRDA:5,0,120,47
BRDA:5,0,121,47
BRDA:5,0,122,48
BRDA:5,0,123,48
BRDA:5,0,124,47
BRDA:5,0,125,47
BRDA:5,0,126,55
BRDA:5,0,127,54
DA:8,2555
DA:9,2555
DA:10,5
DA:11,5
DA:12,40
BRDA:12,0,0,5
BRDA:12,0,1,40
DA:13,40
DA:26,2000
BRDA:26,0,0,2000
BRDA:26,0,1,550
DA:27,2000
BRF:204
BRH:199
end_of_record
SF:/home/john/Desktop/ttgf-verilog-template/test/Datapath_Wrapper.v
DA:2,2551
BRDA:2,0,0,739
BRDA:2,0,1,739
BRDA:2,0,2,759
BRDA:2,0,3,759
BRDA:2,0,4,746
BRDA:2,0,5,746
BRDA:2,0,6,222
BRDA:2,0,7,221
BRDA:2,0,8,241
BRDA:2,0,9,240
BRDA:2,0,10,57
BRDA:2,0,11,56
BRDA:2,0,12,77
BRDA:2,0,13,76
BRDA:2,0,14,748
BRDA:2,0,15,748
BRDA:2,0,16,754
BRDA:2,0,17,754
BRDA:2,0,18,726
BRDA:2,0,19,726
BRDA:2,0,20,729
BRDA:2,0,21,729
BRDA:2,0,22,746
BRDA:2,0,23,746
BRDA:2,0,24,761
BRDA:2,0,25,761
BRDA:2,0,26,761
BRDA:2,0,27,761
BRDA:2,0,28,625
BRDA:2,0,29,625
BRDA:2,0,30,744
BRDA:2,0,31,744
BRDA:2,0,32,2551
BRDA:2,0,33,2550
BRDA:2,0,34,5
BRDA:2,0,35,5
BRDA:2,0,36,611
BRDA:2,0,37,611
BRDA:2,0,38,606
BRDA:2,0,39,606
BRDA:2,0,40,609
BRDA:2,0,41,609
BRDA:2,0,42,618
BRDA:2,0,43,618
BRDA:2,0,44,479
BRDA:2,0,45,479
BRDA:2,0,46,465
BRDA:2,0,47,465
BRDA:2,0,48,468
BRDA:2,0,49,468
BRDA:2,0,50,495
BRDA:2,0,51,495
BRDA:2,0,52,129
BRDA:2,0,53,129
DA:5,2
BRDA:5,0,0,1
BRDA:5,0,1,1
BRDA:5,0,2,2
BRDA:5,0,3,1
BRDA:5,0,4,1
BRDA:5,0,5,1
BRDA:5,0,6,1
BRDA:5,0,7,1
BRDA:5,0,8,2
BRDA:5,0,9,2
BRDA:5,0,10,1
BRDA:5,0,11,1
DA:6,243
BRDA:6,0,0,121
BRDA:6,0,1,121
BRDA:6,0,2,108
BRDA:6,0,3,108
BRDA:6,0,4,118
BRDA:6,0,5,118
BRDA:6,0,6,243
BRDA:6,0,7,242
BRDA:6,0,8,151
BRDA:6,0,9,151
BRDA:6,0,10,129
BRDA:6,0,11,129
DA:7,254
BRDA:7,0,0,238
BRDA:7,0,1,238
BRDA:7,0,2,254
BRDA:7,0,3,254
BRDA:7,0,4,248
BRDA:7,0,5,248
DA:8,750
BRDA:8,0,0,690
BRDA:8,0,1,689
BRDA:8,0,2,675
BRDA:8,0,3,675
BRDA:8,0,4,681
BRDA:8,0,5,681
BRDA:8,0,6,727
BRDA:8,0,7,727
BRDA:8,0,8,557
BRDA:8,0,9,557
BRDA:8,0,10,505
BRDA:8,0,11,505
BRDA:8,0,12,543
BRDA:8,0,13,543
BRDA:8,0,14,555
BRDA:8,0,15,555
BRDA:8,0,16,710
BRDA:8,0,17,709
BRDA:8,0,18,665
BRDA:8,0,19,665
BRDA:8,0,20,697
BRDA:8,0,21,697
BRDA:8,0,22,719
BRDA:8,0,23,719
BRDA:8,0,24,551
BRDA:8,0,25,551
BRDA:8,0,26,498
BRDA:8,0,27,498
BRDA:8,0,28,564
BRDA:8,0,29,564
BRDA:8,0,30,584
BRDA:8,0,31,584
BRDA:8,0,32,613
BRDA:8,0,33,613
BRDA:8,0,34,623
BRDA:8,0,35,623
BRDA:8,0,36,626
BRDA:8,0,37,626
BRDA:8,0,38,603
BRDA:8,0,39,603
BRDA:8,0,40,612
BRDA:8,0,41,612
BRDA:8,0,42,599
BRDA:8,0,43,599
BRDA:8,0,44,600
BRDA:8,0,45,600
BRDA:8,0,46,606
BRDA:8,0,47,606
BRDA:8,0,48,712
BRDA:8,0,49,712
BRDA:8,0,50,703
BRDA:8,0,51,703
BRDA:8,0,52,714
BRDA:8,0,53,714
BRDA:8,0,54,704
BRDA:8,0,55,704
BRDA:8,0,56,703
BRDA:8,0,57,703
BRDA:8,0,58,648
BRDA:8,0,59,648
BRDA:8,0,60,674
BRDA:8,0,61,674
BRDA:8,0,62,710
BRDA:8,0,63,710
BRDA:8,0,64,737
BRDA:8,0,65,737
BRDA:8,0,66,728
BRDA:8,0,67,728
BRDA:8,0,68,744
BRDA:8,0,69,744
BRDA:8,0,70,746
BRDA:8,0,71,746
BRDA:8,0,72,747
BRDA:8,0,73,747
BRDA:8,0,74,740
BRDA:8,0,75,740
BRDA:8,0,76,710
BRDA:8,0,77,710
BRDA:8,0,78,750
BRDA:8,0,79,750
BRDA:8,0,80,146
BRDA:8,0,81,146
BRDA:8,0,82,138
BRDA:8,0,83,138
BRDA:8,0,84,136
BRDA:8,0,85,136
BRDA:8,0,86,140
BRDA:8,0,87,140
BRDA:8,0,88,0
BRDA:8,0,89,0
BRDA:8,0,90,0
BRDA:8,0,91,0
BRDA:8,0,92,0
BRDA:8,0,93,0
BRDA:8,0,94,0
BRDA:8,0,95,0
DA:10,618
BRDA:10,0,0,568
BRDA:10,0,1,568
BRDA:10,0,2,543
BRDA:10,0,3,543
BRDA:10,0,4,552
BRDA:10,0,5,552
BRDA:10,0,6,618
BRDA:10,0,7,618
BRDA:10,0,8,452
BRDA:10,0,9,452
BRDA:10,0,10,381
BRDA:10,0,11,381
BRDA:10,0,12,426
BRDA:10,0,13,426
BRDA:10,0,14,442
BRDA:10,0,15,442
DA:11,16639
BRDA:11,0,0,16639
BRDA:11,0,1,4008
BRDA:11,0,2,1
BRDA:11,0,3,4009
BRDA:11,0,4,16639
BRF:201
BRH:178
end_of_record
