TN:verilator_coverage
SF:/home/john/Desktop/ttgf-verilog-template/test/../src/Registers.v
DA:3,40
BRDA:3,0,0,40
BRDA:3,0,1,39
BRDA:3,0,2,16
BRDA:3,0,3,15
BRDA:3,0,4,16
BRDA:3,0,5,15
BRDA:3,0,6,16
BRDA:3,0,7,15
BRDA:3,0,8,16
BRDA:3,0,9,15
BRDA:3,0,10,16
BRDA:3,0,11,15
BRDA:3,0,12,16
BRDA:3,0,13,15
BRDA:3,0,14,16
BRDA:3,0,15,15
BRDA:3,0,16,8
BRDA:3,0,17,7
BRDA:3,0,18,3
BRDA:3,0,19,2
BRDA:3,0,20,4
BRDA:3,0,21,3
BRDA:3,0,22,4
BRDA:3,0,23,3
BRDA:3,0,24,4
BRDA:3,0,25,3
BRDA:3,0,26,4
BRDA:3,0,27,3
BRDA:3,0,28,2
BRDA:3,0,29,1
BRDA:3,0,30,2
BRDA:3,0,31,1
BRDA:3,0,32,1
BRDA:3,0,33,0
BRDA:3,0,34,10
BRDA:3,0,35,9
BRDA:3,0,36,18
BRDA:3,0,37,17
BRDA:3,0,38,18
BRDA:3,0,39,17
BRDA:3,0,40,18
BRDA:3,0,41,17
BRDA:3,0,42,18
BRDA:3,0,43,17
BRDA:3,0,44,2
BRDA:3,0,45,1
BRDA:3,0,46,2
BRDA:3,0,47,1
BRDA:3,0,48,1
BRDA:3,0,49,0
BRDA:3,0,50,1
BRDA:3,0,51,1
BRDA:3,0,52,1
BRDA:3,0,53,0
BRDA:3,0,54,4
BRDA:3,0,55,3
BRDA:3,0,56,2
BRDA:3,0,57,1
BRDA:3,0,58,1
BRDA:3,0,59,0
BRDA:3,0,60,32
BRDA:3,0,61,31
BRDA:3,0,62,16
BRDA:3,0,63,15
BRDA:3,0,64,8
BRDA:3,0,65,7
BRDA:3,0,66,4
BRDA:3,0,67,3
BRDA:3,0,68,2
BRDA:3,0,69,1
BRDA:3,0,70,1
BRDA:3,0,71,0
DA:5,3
BRDA:5,0,0,3
BRDA:5,0,1,2
BRDA:5,0,2,2
BRDA:5,0,3,1
BRDA:5,0,4,2
BRDA:5,0,5,1
BRDA:5,0,6,2
BRDA:5,0,7,1
BRDA:5,0,8,2
BRDA:5,0,9,1
BRDA:5,0,10,2
BRDA:5,0,11,1
BRDA:5,0,12,2
BRDA:5,0,13,1
BRDA:5,0,14,1
BRDA:5,0,15,0
BRDA:5,0,16,2
BRDA:5,0,17,1
BRDA:5,0,18,2
BRDA:5,0,19,1
BRDA:5,0,20,3
BRDA:5,0,21,2
BRDA:5,0,22,2
BRDA:5,0,23,1
BRDA:5,0,24,2
BRDA:5,0,25,1
BRDA:5,0,26,2
BRDA:5,0,27,1
BRDA:5,0,28,2
BRDA:5,0,29,1
BRDA:5,0,30,1
BRDA:5,0,31,0
BRDA:5,0,32,2
BRDA:5,0,33,1
BRDA:5,0,34,3
BRDA:5,0,35,2
BRDA:5,0,36,2
BRDA:5,0,37,1
BRDA:5,0,38,2
BRDA:5,0,39,1
BRDA:5,0,40,2
BRDA:5,0,41,1
BRDA:5,0,42,2
BRDA:5,0,43,1
BRDA:5,0,44,2
BRDA:5,0,45,1
BRDA:5,0,46,1
BRDA:5,0,47,0
BRDA:5,0,48,2
BRDA:5,0,49,1
BRDA:5,0,50,2
BRDA:5,0,51,1
BRDA:5,0,52,2
BRDA:5,0,53,1
BRDA:5,0,54,3
BRDA:5,0,55,2
BRDA:5,0,56,3
BRDA:5,0,57,2
BRDA:5,0,58,2
BRDA:5,0,59,1
BRDA:5,0,60,2
BRDA:5,0,61,1
BRDA:5,0,62,1
BRDA:5,0,63,0
BRDA:5,0,64,2
BRDA:5,0,65,1
BRDA:5,0,66,2
BRDA:5,0,67,1
BRDA:5,0,68,2
BRDA:5,0,69,1
BRDA:5,0,70,2
BRDA:5,0,71,1
BRDA:5,0,72,2
BRDA:5,0,73,1
BRDA:5,0,74,2
BRDA:5,0,75,1
BRDA:5,0,76,2
BRDA:5,0,77,1
BRDA:5,0,78,1
BRDA:5,0,79,0
BRDA:5,0,80,2
BRDA:5,0,81,1
BRDA:5,0,82,2
BRDA:5,0,83,1
BRDA:5,0,84,3
BRDA:5,0,85,2
BRDA:5,0,86,2
BRDA:5,0,87,1
BRDA:5,0,88,2
BRDA:5,0,89,1
BRDA:5,0,90,2
BRDA:5,0,91,1
BRDA:5,0,92,2
BRDA:5,0,93,1
BRDA:5,0,94,1
BRDA:5,0,95,0
BRDA:5,0,96,2
BRDA:5,0,97,1
BRDA:5,0,98,3
BRDA:5,0,99,2
BRDA:5,0,100,2
BRDA:5,0,101,1
BRDA:5,0,102,2
BRDA:5,0,103,1
BRDA:5,0,104,2
BRDA:5,0,105,1
BRDA:5,0,106,2
BRDA:5,0,107,1
BRDA:5,0,108,2
BRDA:5,0,109,1
BRDA:5,0,110,1
BRDA:5,0,111,0
BRDA:5,0,112,2
BRDA:5,0,113,1
BRDA:5,0,114,2
BRDA:5,0,115,1
BRDA:5,0,116,2
BRDA:5,0,117,1
BRDA:5,0,118,3
BRDA:5,0,119,2
BRDA:5,0,120,3
BRDA:5,0,121,2
BRDA:5,0,122,2
BRDA:5,0,123,1
BRDA:5,0,124,2
BRDA:5,0,125,1
BRDA:5,0,126,1
BRDA:5,0,127,0
DA:8,41
DA:9,41
DA:10,1
DA:11,1
DA:12,8
BRDA:12,0,0,1
BRDA:12,0,1,8
DA:13,8
DA:26,40
BRDA:26,0,0,40
BRDA:26,0,1,0
DA:27,40
BRF:204
BRH:30
end_of_record
